ArchFW Log File, created on [2018-11-29 19:25:50] in [D:\PHPStorm\ArchFW\logs\ArchFWExceptions.log]
[2018-11-29 19:25:50]
		[606] [RedirectOnMatch adress does not have assigned route path.]
		Line 159 in file [D:\PHPStorm\ArchFW\src\ArchFW\Controllers\Router.php]
[2018-11-29 19:25:56]
		[605] [Not found]
		Line 176 in file [D:\PHPStorm\ArchFW\src\ArchFW\Controllers\Router.php]
[2018-12-05 22:53:59]
		[605] [Not found]
		Line 176 in file [D:\PHPStorm\ArchFW\src\ArchFW\Controllers\Router.php]
[2018-12-05 23:12:42]
		[606] [RedirectOnMatch adress does not have assigned route path.]
		Line 159 in file [D:\PHPStorm\ArchFW\src\ArchFW\Controllers\Router.php]
[2018-12-06 01:13:21]
		[601] [Route test has not been found in routes file!]
		Line 63 in file [D:\PHPStorm\ArchFW\src\ArchFW\Controllers\NewRouter.php]
[2018-12-06 01:16:35]
		[601] [Route favicon.ico has not been found in routes file!]
		Line 69 in file [D:\PHPStorm\ArchFW\src\ArchFW\Controllers\NewRouter.php]
[2018-12-06 01:16:45]
		[601] [Route favicon.ico has not been found in routes file!]
		Line 69 in file [D:\PHPStorm\ArchFW\src\ArchFW\Controllers\NewRouter.php]
[2018-12-06 01:20:40]
		[601] [Route favicon.ico has not been found in routes file!]
		Line 69 in file [D:\PHPStorm\ArchFW\src\ArchFW\Controllers\NewRouter.php]
[2018-12-06 01:20:58]
		[601] [Route favicon.ico has not been found in routes file!]
		Line 69 in file [D:\PHPStorm\ArchFW\src\ArchFW\Controllers\NewRouter.php]
[2018-12-06 01:21:24]
		[601] [Route favicon.ico has not been found in routes file!]
		Line 69 in file [D:\PHPStorm\ArchFW\src\ArchFW\Controllers\NewRouter.php]
[2018-12-06 01:21:24]
		[601] [Route favicon.ico has not been found in routes file!]
		Line 69 in file [D:\PHPStorm\ArchFW\src\ArchFW\Controllers\NewRouter.php]
[2018-12-06 01:21:24]
		[601] [Route favicon.ico has not been found in routes file!]
		Line 69 in file [D:\PHPStorm\ArchFW\src\ArchFW\Controllers\NewRouter.php]
[2018-12-06 01:21:24]
		[601] [Route favicon.ico has not been found in routes file!]
		Line 69 in file [D:\PHPStorm\ArchFW\src\ArchFW\Controllers\NewRouter.php]
[2018-12-06 01:21:25]
		[601] [Route favicon.ico has not been found in routes file!]
		Line 69 in file [D:\PHPStorm\ArchFW\src\ArchFW\Controllers\NewRouter.php]
[2018-12-06 01:21:45]
		[601] [Route favicon.ico has not been found in routes file!]
		Line 69 in file [D:\PHPStorm\ArchFW\src\ArchFW\Controllers\NewRouter.php]
[2018-12-06 01:21:46]
		[601] [Route favicon.ico has not been found in routes file!]
		Line 69 in file [D:\PHPStorm\ArchFW\src\ArchFW\Controllers\NewRouter.php]
[2018-12-06 01:21:47]
		[601] [Route favicon.ico has not been found in routes file!]
		Line 69 in file [D:\PHPStorm\ArchFW\src\ArchFW\Controllers\NewRouter.php]
[2018-12-06 01:21:47]
		[601] [Route favicon.ico has not been found in routes file!]
		Line 69 in file [D:\PHPStorm\ArchFW\src\ArchFW\Controllers\NewRouter.php]
[2018-12-06 01:21:47]
		[601] [Route favicon.ico has not been found in routes file!]
		Line 69 in file [D:\PHPStorm\ArchFW\src\ArchFW\Controllers\NewRouter.php]
[2018-12-06 01:21:47]
		[601] [Route favicon.ico has not been found in routes file!]
		Line 69 in file [D:\PHPStorm\ArchFW\src\ArchFW\Controllers\NewRouter.php]
[2018-12-06 01:23:45]
		[601] [Route favicon.ico has not been found in routes file!]
		Line 68 in file [D:\PHPStorm\ArchFW\src\ArchFW\Controllers\NewRouter.php]
[2018-12-06 01:24:00]
		[601] [Route favicon.ico has not been found in routes file!]
		Line 68 in file [D:\PHPStorm\ArchFW\src\ArchFW\Controllers\NewRouter.php]
[2018-12-06 01:24:01]
		[601] [Route favicon.ico has not been found in routes file!]
		Line 68 in file [D:\PHPStorm\ArchFW\src\ArchFW\Controllers\NewRouter.php]
[2018-12-06 01:24:01]
		[601] [Route favicon.ico has not been found in routes file!]
		Line 68 in file [D:\PHPStorm\ArchFW\src\ArchFW\Controllers\NewRouter.php]
[2018-12-06 01:24:01]
		[601] [Route favicon.ico has not been found in routes file!]
		Line 68 in file [D:\PHPStorm\ArchFW\src\ArchFW\Controllers\NewRouter.php]
[2018-12-06 01:24:01]
		[601] [Route favicon.ico has not been found in routes file!]
		Line 68 in file [D:\PHPStorm\ArchFW\src\ArchFW\Controllers\NewRouter.php]
[2018-12-06 01:24:01]
		[601] [Route favicon.ico has not been found in routes file!]
		Line 68 in file [D:\PHPStorm\ArchFW\src\ArchFW\Controllers\NewRouter.php]
[2018-12-06 01:24:02]
		[601] [Route favicon.ico has not been found in routes file!]
		Line 68 in file [D:\PHPStorm\ArchFW\src\ArchFW\Controllers\NewRouter.php]
[2018-12-06 01:24:02]
		[601] [Route favicon.ico has not been found in routes file!]
		Line 68 in file [D:\PHPStorm\ArchFW\src\ArchFW\Controllers\NewRouter.php]
[2018-12-06 01:24:02]
		[601] [Route favicon.ico has not been found in routes file!]
		Line 68 in file [D:\PHPStorm\ArchFW\src\ArchFW\Controllers\NewRouter.php]
[2018-12-06 01:24:02]
		[601] [Route favicon.ico has not been found in routes file!]
		Line 68 in file [D:\PHPStorm\ArchFW\src\ArchFW\Controllers\NewRouter.php]
[2018-12-06 01:24:02]
		[601] [Route favicon.ico has not been found in routes file!]
		Line 68 in file [D:\PHPStorm\ArchFW\src\ArchFW\Controllers\NewRouter.php]
[2018-12-06 01:24:34]
		[601] [Route favicon.ico has not been found in routes file!]
		Line 68 in file [D:\PHPStorm\ArchFW\src\ArchFW\Controllers\NewRouter.php]
[2018-12-06 01:25:04]
		[601] [Route favicon.ico has not been found in routes file!]
		Line 68 in file [D:\PHPStorm\ArchFW\src\ArchFW\Controllers\NewRouter.php]
[2018-12-06 01:26:25]
		[601] [Route favicon.ico has not been found in routes file!]
		Line 68 in file [D:\PHPStorm\ArchFW\src\ArchFW\Controllers\NewRouter.php]
[2018-12-06 01:26:25]
		[601] [Route favicon.ico has not been found in routes file!]
		Line 68 in file [D:\PHPStorm\ArchFW\src\ArchFW\Controllers\NewRouter.php]
[2018-12-06 01:26:25]
		[601] [Route favicon.ico has not been found in routes file!]
		Line 68 in file [D:\PHPStorm\ArchFW\src\ArchFW\Controllers\NewRouter.php]
[2018-12-06 01:28:25]
		[601] [Route favicon.ico has not been found in routes file!]
		Line 70 in file [D:\PHPStorm\ArchFW\src\ArchFW\Controllers\NewRouter.php]
[2018-12-06 01:29:40]
		[601] [Route favicon.ico has not been found in routes file!]
		Line 70 in file [D:\PHPStorm\ArchFW\src\ArchFW\Controllers\Router.php]
[2018-12-06 01:29:41]
		[601] [Route favicon.ico has not been found in routes file!]
		Line 70 in file [D:\PHPStorm\ArchFW\src\ArchFW\Controllers\Router.php]
[2018-12-06 01:29:41]
		[601] [Route favicon.ico has not been found in routes file!]
		Line 70 in file [D:\PHPStorm\ArchFW\src\ArchFW\Controllers\Router.php]
[2018-12-06 01:29:41]
		[601] [Route favicon.ico has not been found in routes file!]
		Line 70 in file [D:\PHPStorm\ArchFW\src\ArchFW\Controllers\Router.php]
[2018-12-06 01:29:42]
		[601] [Route favicon.ico has not been found in routes file!]
		Line 70 in file [D:\PHPStorm\ArchFW\src\ArchFW\Controllers\Router.php]
[2018-12-06 01:29:42]
		[601] [Route favicon.ico has not been found in routes file!]
		Line 70 in file [D:\PHPStorm\ArchFW\src\ArchFW\Controllers\Router.php]
[2018-12-06 01:29:42]
		[601] [Route favicon.ico has not been found in routes file!]
		Line 70 in file [D:\PHPStorm\ArchFW\src\ArchFW\Controllers\Router.php]
[2018-12-06 01:29:42]
		[601] [Route favicon.ico has not been found in routes file!]
		Line 70 in file [D:\PHPStorm\ArchFW\src\ArchFW\Controllers\Router.php]
[2018-12-06 01:35:51]
		[601] [Route favicon.ico has not been found in routes file!]
		Line 70 in file [D:\PHPStorm\ArchFW\src\ArchFW\Controllers\Router.php]
[2018-12-06 01:43:51]
		[601] [Route favicon.ico has not been found in routes file!]
		Line 73 in file [D:\PHPStorm\ArchFW\src\ArchFW\Controllers\Router.php]
[2018-12-06 01:43:52]
		[601] [Route favicon.ico has not been found in routes file!]
		Line 73 in file [D:\PHPStorm\ArchFW\src\ArchFW\Controllers\Router.php]
[2018-12-06 01:43:53]
		[601] [Route favicon.ico has not been found in routes file!]
		Line 73 in file [D:\PHPStorm\ArchFW\src\ArchFW\Controllers\Router.php]
[2018-12-06 01:43:53]
		[601] [Route favicon.ico has not been found in routes file!]
		Line 73 in file [D:\PHPStorm\ArchFW\src\ArchFW\Controllers\Router.php]
[2018-12-06 01:45:11]
		[601] [Route favicon.ico has not been found in routes file!]
		Line 73 in file [D:\PHPStorm\ArchFW\src\ArchFW\Controllers\Router.php]
[2018-12-06 01:45:12]
		[601] [Route favicon.ico has not been found in routes file!]
		Line 73 in file [D:\PHPStorm\ArchFW\src\ArchFW\Controllers\Router.php]
[2018-12-06 01:45:13]
		[601] [Route favicon.ico has not been found in routes file!]
		Line 73 in file [D:\PHPStorm\ArchFW\src\ArchFW\Controllers\Router.php]
[2018-12-06 01:45:13]
		[601] [Route favicon.ico has not been found in routes file!]
		Line 73 in file [D:\PHPStorm\ArchFW\src\ArchFW\Controllers\Router.php]
[2018-12-06 01:45:42]
		[601] [Route favicon.ico has not been found in routes file!]
		Line 73 in file [D:\PHPStorm\ArchFW\src\ArchFW\Controllers\Router.php]
[2018-12-06 01:45:43]
		[601] [Route favicon.ico has not been found in routes file!]
		Line 73 in file [D:\PHPStorm\ArchFW\src\ArchFW\Controllers\Router.php]
[2018-12-06 01:45:43]
		[601] [Route favicon.ico has not been found in routes file!]
		Line 73 in file [D:\PHPStorm\ArchFW\src\ArchFW\Controllers\Router.php]
[2018-12-06 01:45:43]
		[601] [Route favicon.ico has not been found in routes file!]
		Line 73 in file [D:\PHPStorm\ArchFW\src\ArchFW\Controllers\Router.php]
[2018-12-06 01:45:43]
		[601] [Route favicon.ico has not been found in routes file!]
		Line 73 in file [D:\PHPStorm\ArchFW\src\ArchFW\Controllers\Router.php]
[2018-12-06 01:45:50]
		[601] [Route favicon.ico has not been found in routes file!]
		Line 73 in file [D:\PHPStorm\ArchFW\src\ArchFW\Controllers\Router.php]
[2018-12-06 01:45:50]
		[601] [Route favicon.ico has not been found in routes file!]
		Line 73 in file [D:\PHPStorm\ArchFW\src\ArchFW\Controllers\Router.php]
[2018-12-06 01:45:50]
		[601] [Route favicon.ico has not been found in routes file!]
		Line 73 in file [D:\PHPStorm\ArchFW\src\ArchFW\Controllers\Router.php]
[2018-12-06 01:46:55]
		[601] [Route favicon.ico has not been found in routes file!]
		Line 74 in file [D:\PHPStorm\ArchFW\src\ArchFW\Controllers\Router.php]
[2018-12-06 01:46:56]
		[601] [Route favicon.ico has not been found in routes file!]
		Line 74 in file [D:\PHPStorm\ArchFW\src\ArchFW\Controllers\Router.php]
[2018-12-06 01:46:56]
		[601] [Route favicon.ico has not been found in routes file!]
		Line 74 in file [D:\PHPStorm\ArchFW\src\ArchFW\Controllers\Router.php]
[2018-12-06 01:47:07]
		[601] [Route favicon.ico has not been found in routes file!]
		Line 74 in file [D:\PHPStorm\ArchFW\src\ArchFW\Controllers\Router.php]
[2018-12-06 01:47:08]
		[601] [Route favicon.ico has not been found in routes file!]
		Line 74 in file [D:\PHPStorm\ArchFW\src\ArchFW\Controllers\Router.php]
[2018-12-06 01:47:08]
		[601] [Route favicon.ico has not been found in routes file!]
		Line 74 in file [D:\PHPStorm\ArchFW\src\ArchFW\Controllers\Router.php]
[2018-12-06 01:47:31]
		[601] [Route favicon.ico has not been found in routes file!]
		Line 74 in file [D:\PHPStorm\ArchFW\src\ArchFW\Controllers\Router.php]
[2018-12-06 01:47:32]
		[601] [Route favicon.ico has not been found in routes file!]
		Line 74 in file [D:\PHPStorm\ArchFW\src\ArchFW\Controllers\Router.php]
[2018-12-06 01:47:32]
		[601] [Route favicon.ico has not been found in routes file!]
		Line 74 in file [D:\PHPStorm\ArchFW\src\ArchFW\Controllers\Router.php]
[2018-12-06 01:47:42]
		[601] [Route index has not been found in routes file!]
		Line 74 in file [D:\PHPStorm\ArchFW\src\ArchFW\Controllers\Router.php]
[2018-12-06 01:47:42]
		[601] [Route favicon.ico has not been found in routes file!]
		Line 74 in file [D:\PHPStorm\ArchFW\src\ArchFW\Controllers\Router.php]
[2018-12-06 01:47:50]
		[601] [Route ind has not been found in routes file!]
		Line 74 in file [D:\PHPStorm\ArchFW\src\ArchFW\Controllers\Router.php]
[2018-12-06 01:47:50]
		[601] [Route favicon.ico has not been found in routes file!]
		Line 74 in file [D:\PHPStorm\ArchFW\src\ArchFW\Controllers\Router.php]
[2018-12-06 01:47:55]
		[601] [Route index has not been found in routes file!]
		Line 74 in file [D:\PHPStorm\ArchFW\src\ArchFW\Controllers\Router.php]
[2018-12-06 01:47:55]
		[601] [Route favicon.ico has not been found in routes file!]
		Line 74 in file [D:\PHPStorm\ArchFW\src\ArchFW\Controllers\Router.php]
[2018-12-06 01:48:13]
		[601] [Route favicon.ico has not been found in routes file!]
		Line 74 in file [D:\PHPStorm\ArchFW\src\ArchFW\Controllers\Router.php]
[2018-12-06 01:49:59]
		[601] [Route favicon.ico has not been found in routes file!]
		Line 74 in file [D:\PHPStorm\ArchFW\src\ArchFW\Controllers\Router.php]
[2018-12-06 01:50:00]
		[601] [Route favicon.ico has not been found in routes file!]
		Line 74 in file [D:\PHPStorm\ArchFW\src\ArchFW\Controllers\Router.php]
[2018-12-06 01:50:39]
		[601] [Route favicon.ico has not been found in routes file!]
		Line 74 in file [D:\PHPStorm\ArchFW\src\ArchFW\Controllers\Router.php]
[2018-12-06 01:51:06]
		[601] [Route favicon.ico has not been found in routes file!]
		Line 74 in file [D:\PHPStorm\ArchFW\src\ArchFW\Controllers\Router.php]
[2018-12-06 02:01:38]
		[601] [Route favicon.ico has not been found in routes file!]
		Line 74 in file [D:\PHPStorm\ArchFW\src\ArchFW\Controllers\Router.php]
[2018-12-06 02:01:38]
		[601] [Route favicon.ico has not been found in routes file!]
		Line 74 in file [D:\PHPStorm\ArchFW\src\ArchFW\Controllers\Router.php]
[2018-12-06 02:01:38]
		[601] [Route favicon.ico has not been found in routes file!]
		Line 74 in file [D:\PHPStorm\ArchFW\src\ArchFW\Controllers\Router.php]
[2018-12-06 02:01:39]
		[601] [Route favicon.ico has not been found in routes file!]
		Line 74 in file [D:\PHPStorm\ArchFW\src\ArchFW\Controllers\Router.php]
[2018-12-06 02:01:39]
		[601] [Route favicon.ico has not been found in routes file!]
		Line 74 in file [D:\PHPStorm\ArchFW\src\ArchFW\Controllers\Router.php]
[2018-12-06 02:01:39]
		[601] [Route favicon.ico has not been found in routes file!]
		Line 74 in file [D:\PHPStorm\ArchFW\src\ArchFW\Controllers\Router.php]
[2018-12-06 02:02:15]
		[601] [Route favicon.ico has not been found in routes file!]
		Line 74 in file [D:\PHPStorm\ArchFW\src\ArchFW\Controllers\Router.php]
[2018-12-06 02:02:16]
		[601] [Route favicon.ico has not been found in routes file!]
		Line 74 in file [D:\PHPStorm\ArchFW\src\ArchFW\Controllers\Router.php]
[2018-12-06 02:02:16]
		[601] [Route favicon.ico has not been found in routes file!]
		Line 74 in file [D:\PHPStorm\ArchFW\src\ArchFW\Controllers\Router.php]
[2018-12-06 02:02:16]
		[601] [Route favicon.ico has not been found in routes file!]
		Line 74 in file [D:\PHPStorm\ArchFW\src\ArchFW\Controllers\Router.php]
[2018-12-06 02:02:17]
		[601] [Route favicon.ico has not been found in routes file!]
		Line 74 in file [D:\PHPStorm\ArchFW\src\ArchFW\Controllers\Router.php]
[2018-12-06 02:02:33]
		[601] [Route favicon.ico has not been found in routes file!]
		Line 74 in file [D:\PHPStorm\ArchFW\src\ArchFW\Controllers\Router.php]
[2018-12-06 02:02:34]
		[601] [Route favicon.ico has not been found in routes file!]
		Line 74 in file [D:\PHPStorm\ArchFW\src\ArchFW\Controllers\Router.php]
[2018-12-06 02:02:35]
		[601] [Route favicon.ico has not been found in routes file!]
		Line 74 in file [D:\PHPStorm\ArchFW\src\ArchFW\Controllers\Router.php]
[2018-12-06 02:02:35]
		[601] [Route favicon.ico has not been found in routes file!]
		Line 74 in file [D:\PHPStorm\ArchFW\src\ArchFW\Controllers\Router.php]
[2018-12-06 02:02:35]
		[601] [Route favicon.ico has not been found in routes file!]
		Line 74 in file [D:\PHPStorm\ArchFW\src\ArchFW\Controllers\Router.php]
[2018-12-06 02:02:35]
		[601] [Route favicon.ico has not been found in routes file!]
		Line 74 in file [D:\PHPStorm\ArchFW\src\ArchFW\Controllers\Router.php]
[2018-12-06 02:02:56]
		[601] [Route favicon.ico has not been found in routes file!]
		Line 74 in file [D:\PHPStorm\ArchFW\src\ArchFW\Controllers\Router.php]
[2018-12-06 02:03:39]
		[601] [Route favicon.ico has not been found in routes file!]
		Line 74 in file [D:\PHPStorm\ArchFW\src\ArchFW\Controllers\Router.php]
[2018-12-06 02:03:40]
		[601] [Route favicon.ico has not been found in routes file!]
		Line 74 in file [D:\PHPStorm\ArchFW\src\ArchFW\Controllers\Router.php]
[2018-12-06 02:04:54]
		[601] [Route favicon.ico has not been found in routes file!]
		Line 74 in file [D:\PHPStorm\ArchFW\src\ArchFW\Controllers\Router.php]
[2018-12-06 02:04:54]
		[601] [Route favicon.ico has not been found in routes file!]
		Line 74 in file [D:\PHPStorm\ArchFW\src\ArchFW\Controllers\Router.php]
[2018-12-06 02:04:54]
		[601] [Route favicon.ico has not been found in routes file!]
		Line 74 in file [D:\PHPStorm\ArchFW\src\ArchFW\Controllers\Router.php]
[2018-12-06 02:09:33]
		[601] [Route favicon.ico has not been found in routes file!]
		Line 77 in file [D:\PHPStorm\ArchFW\src\ArchFW\Controllers\Router.php]
[2018-12-06 02:09:34]
		[601] [Route favicon.ico has not been found in routes file!]
		Line 77 in file [D:\PHPStorm\ArchFW\src\ArchFW\Controllers\Router.php]
[2018-12-06 02:09:34]
		[601] [Route favicon.ico has not been found in routes file!]
		Line 77 in file [D:\PHPStorm\ArchFW\src\ArchFW\Controllers\Router.php]
[2018-12-06 02:09:48]
		[601] [Route favicon.ico has not been found in routes file!]
		Line 77 in file [D:\PHPStorm\ArchFW\src\ArchFW\Controllers\Router.php]
[2018-12-06 02:09:50]
		[601] [Route favicon.ico has not been found in routes file!]
		Line 77 in file [D:\PHPStorm\ArchFW\src\ArchFW\Controllers\Router.php]
[2018-12-06 02:10:18]
		[601] [Route favicon.ico has not been found in routes file!]
		Line 77 in file [D:\PHPStorm\ArchFW\src\ArchFW\Controllers\Router.php]
[2018-12-06 02:11:32]
		[601] [Route favicon.ico has not been found in routes file!]
		Line 77 in file [D:\PHPStorm\ArchFW\src\ArchFW\Controllers\Router.php]
[2018-12-06 02:11:33]
		[601] [Route favicon.ico has not been found in routes file!]
		Line 77 in file [D:\PHPStorm\ArchFW\src\ArchFW\Controllers\Router.php]
[2018-12-06 02:11:33]
		[601] [Route favicon.ico has not been found in routes file!]
		Line 77 in file [D:\PHPStorm\ArchFW\src\ArchFW\Controllers\Router.php]
[2018-12-06 02:11:47]
		[601] [Route favicon.ico has not been found in routes file!]
		Line 77 in file [D:\PHPStorm\ArchFW\src\ArchFW\Controllers\Router.php]
[2018-12-06 02:14:20]
		[601] [Route favicon.ico has not been found in routes file!]
		Line 77 in file [D:\PHPStorm\ArchFW\src\ArchFW\Controllers\Router.php]
[2018-12-06 17:03:30]
		[601] [Route favicon.ico has not been found in routes file!]
		Line 77 in file [D:\PHPStorm\ArchFW\src\ArchFW\Controllers\Router.php]
[2018-12-06 17:11:38]
		[601] [Route favicon.ico has not been found in routes file!]
		Line 77 in file [D:\PHPStorm\ArchFW\src\ArchFW\Controllers\Router.php]
[2018-12-06 17:11:39]
		[601] [Route favicon.ico has not been found in routes file!]
		Line 77 in file [D:\PHPStorm\ArchFW\src\ArchFW\Controllers\Router.php]
[2018-12-06 17:11:39]
		[601] [Route favicon.ico has not been found in routes file!]
		Line 77 in file [D:\PHPStorm\ArchFW\src\ArchFW\Controllers\Router.php]
[2018-12-06 17:12:48]
		[601] [Route ?dupa=var has not been found in routes file!]
		Line 77 in file [D:\PHPStorm\ArchFW\src\ArchFW\Controllers\Router.php]
[2018-12-06 17:12:49]
		[601] [Route favicon.ico has not been found in routes file!]
		Line 77 in file [D:\PHPStorm\ArchFW\src\ArchFW\Controllers\Router.php]
[2018-12-06 17:12:57]
		[601] [Route alla?dupa=var has not been found in routes file!]
		Line 77 in file [D:\PHPStorm\ArchFW\src\ArchFW\Controllers\Router.php]
[2018-12-06 17:12:57]
		[601] [Route favicon.ico has not been found in routes file!]
		Line 77 in file [D:\PHPStorm\ArchFW\src\ArchFW\Controllers\Router.php]
[2018-12-06 17:16:33]
		[601] [Route alla has not been found in routes file!]
		Line 78 in file [D:\PHPStorm\ArchFW\src\ArchFW\Controllers\Router.php]
[2018-12-06 17:16:33]
		[601] [Route favicon.ico has not been found in routes file!]
		Line 78 in file [D:\PHPStorm\ArchFW\src\ArchFW\Controllers\Router.php]
[2018-12-06 17:16:41]
		[601] [Route a has not been found in routes file!]
		Line 78 in file [D:\PHPStorm\ArchFW\src\ArchFW\Controllers\Router.php]
[2018-12-06 17:16:41]
		[601] [Route favicon.ico has not been found in routes file!]
		Line 78 in file [D:\PHPStorm\ArchFW\src\ArchFW\Controllers\Router.php]
[2018-12-06 17:17:27]
		[601] [Route favicon.ico has not been found in routes file!]
		Line 78 in file [D:\PHPStorm\ArchFW\src\ArchFW\Controllers\Router.php]
[2018-12-06 17:32:51]
		[601] [Route favicon.ico has not been found in routes file!]
		Line 83 in file [D:\PHPStorm\ArchFW\src\ArchFW\Controllers\Router.php]
[2018-12-06 17:48:41]
		[601] [Route favicon.ico has not been found in routes file!]
		Line 86 in file [D:\PHPStorm\ArchFW\src\ArchFW\Controllers\Router.php]
[2018-12-06 17:48:42]
		[601] [Route favicon.ico has not been found in routes file!]
		Line 86 in file [D:\PHPStorm\ArchFW\src\ArchFW\Controllers\Router.php]
[2018-12-06 17:48:42]
		[601] [Route favicon.ico has not been found in routes file!]
		Line 86 in file [D:\PHPStorm\ArchFW\src\ArchFW\Controllers\Router.php]
[2018-12-06 17:48:42]
		[601] [Route favicon.ico has not been found in routes file!]
		Line 86 in file [D:\PHPStorm\ArchFW\src\ArchFW\Controllers\Router.php]
[2018-12-06 17:48:42]
		[601] [Route favicon.ico has not been found in routes file!]
		Line 86 in file [D:\PHPStorm\ArchFW\src\ArchFW\Controllers\Router.php]
[2018-12-06 17:52:36]
		[601] [Route favicon.ico has not been found in routes file!]
		Line 96 in file [D:\PHPStorm\ArchFW\src\ArchFW\Controllers\Router.php]
[2018-12-06 17:52:37]
		[601] [Route favicon.ico has not been found in routes file!]
		Line 96 in file [D:\PHPStorm\ArchFW\src\ArchFW\Controllers\Router.php]
[2018-12-06 17:52:37]
		[601] [Route favicon.ico has not been found in routes file!]
		Line 96 in file [D:\PHPStorm\ArchFW\src\ArchFW\Controllers\Router.php]
[2018-12-06 19:13:24]
		[601] [Route api has not been found in routes file!]
		Line 96 in file [D:\PHPStorm\ArchFW\src\ArchFW\Controllers\Router.php]
[2018-12-06 19:13:24]
		[601] [Route favicon.ico has not been found in routes file!]
		Line 96 in file [D:\PHPStorm\ArchFW\src\ArchFW\Controllers\Router.php]
[2018-12-06 19:13:35]
		[601] [Route api has not been found in routes file!]
		Line 96 in file [D:\PHPStorm\ArchFW\src\ArchFW\Controllers\Router.php]
[2018-12-06 19:13:35]
		[601] [Route favicon.ico has not been found in routes file!]
		Line 96 in file [D:\PHPStorm\ArchFW\src\ArchFW\Controllers\Router.php]
[2018-12-06 19:18:46]
		[601] [Route api has not been found in routes file!]
		Line 96 in file [D:\PHPStorm\ArchFW\src\ArchFW\Controllers\Router.php]
[2018-12-06 19:18:46]
		[601] [Route favicon.ico has not been found in routes file!]
		Line 96 in file [D:\PHPStorm\ArchFW\src\ArchFW\Controllers\Router.php]
[2018-12-06 19:18:47]
		[601] [Route api has not been found in routes file!]
		Line 96 in file [D:\PHPStorm\ArchFW\src\ArchFW\Controllers\Router.php]
[2018-12-06 19:18:47]
		[601] [Route favicon.ico has not been found in routes file!]
		Line 96 in file [D:\PHPStorm\ArchFW\src\ArchFW\Controllers\Router.php]
[2018-12-06 19:21:38]
		[601] [Route api has not been found in routes file!]
		Line 96 in file [D:\PHPStorm\ArchFW\src\ArchFW\Controllers\Router.php]
[2018-12-06 19:21:39]
		[601] [Route favicon.ico has not been found in routes file!]
		Line 96 in file [D:\PHPStorm\ArchFW\src\ArchFW\Controllers\Router.php]
[2018-12-06 19:22:03]
		[601] [Route api has not been found in routes file!]
		Line 98 in file [D:\PHPStorm\ArchFW\src\ArchFW\Controllers\Router.php]
[2018-12-06 19:22:03]
		[601] [Route favicon.ico has not been found in routes file!]
		Line 98 in file [D:\PHPStorm\ArchFW\src\ArchFW\Controllers\Router.php]
[2018-12-06 19:22:03]
		[601] [Route api has not been found in routes file!]
		Line 98 in file [D:\PHPStorm\ArchFW\src\ArchFW\Controllers\Router.php]
[2018-12-06 19:22:03]
		[601] [Route favicon.ico has not been found in routes file!]
		Line 98 in file [D:\PHPStorm\ArchFW\src\ArchFW\Controllers\Router.php]
[2018-12-06 19:22:03]
		[601] [Route api has not been found in routes file!]
		Line 98 in file [D:\PHPStorm\ArchFW\src\ArchFW\Controllers\Router.php]
[2018-12-06 19:22:03]
		[601] [Route favicon.ico has not been found in routes file!]
		Line 98 in file [D:\PHPStorm\ArchFW\src\ArchFW\Controllers\Router.php]
[2018-12-06 19:22:04]
		[601] [Route api has not been found in routes file!]
		Line 98 in file [D:\PHPStorm\ArchFW\src\ArchFW\Controllers\Router.php]
[2018-12-06 19:22:04]
		[601] [Route favicon.ico has not been found in routes file!]
		Line 98 in file [D:\PHPStorm\ArchFW\src\ArchFW\Controllers\Router.php]
[2018-12-06 19:22:04]
		[601] [Route api has not been found in routes file!]
		Line 98 in file [D:\PHPStorm\ArchFW\src\ArchFW\Controllers\Router.php]
[2018-12-06 19:22:04]
		[601] [Route favicon.ico has not been found in routes file!]
		Line 98 in file [D:\PHPStorm\ArchFW\src\ArchFW\Controllers\Router.php]
[2018-12-06 19:22:04]
		[601] [Route api has not been found in routes file!]
		Line 98 in file [D:\PHPStorm\ArchFW\src\ArchFW\Controllers\Router.php]
[2018-12-06 19:22:04]
		[601] [Route favicon.ico has not been found in routes file!]
		Line 98 in file [D:\PHPStorm\ArchFW\src\ArchFW\Controllers\Router.php]
[2018-12-06 19:22:04]
		[601] [Route api has not been found in routes file!]
		Line 98 in file [D:\PHPStorm\ArchFW\src\ArchFW\Controllers\Router.php]
[2018-12-06 19:22:04]
		[601] [Route favicon.ico has not been found in routes file!]
		Line 98 in file [D:\PHPStorm\ArchFW\src\ArchFW\Controllers\Router.php]
[2018-12-06 19:22:04]
		[601] [Route api has not been found in routes file!]
		Line 98 in file [D:\PHPStorm\ArchFW\src\ArchFW\Controllers\Router.php]
[2018-12-06 19:22:04]
		[601] [Route favicon.ico has not been found in routes file!]
		Line 98 in file [D:\PHPStorm\ArchFW\src\ArchFW\Controllers\Router.php]
[2018-12-06 19:22:04]
		[601] [Route api has not been found in routes file!]
		Line 98 in file [D:\PHPStorm\ArchFW\src\ArchFW\Controllers\Router.php]
[2018-12-06 19:22:04]
		[601] [Route favicon.ico has not been found in routes file!]
		Line 98 in file [D:\PHPStorm\ArchFW\src\ArchFW\Controllers\Router.php]
[2018-12-06 19:22:04]
		[601] [Route api has not been found in routes file!]
		Line 98 in file [D:\PHPStorm\ArchFW\src\ArchFW\Controllers\Router.php]
[2018-12-06 19:22:04]
		[601] [Route favicon.ico has not been found in routes file!]
		Line 98 in file [D:\PHPStorm\ArchFW\src\ArchFW\Controllers\Router.php]
[2018-12-06 19:22:05]
		[601] [Route api has not been found in routes file!]
		Line 98 in file [D:\PHPStorm\ArchFW\src\ArchFW\Controllers\Router.php]
[2018-12-06 19:22:05]
		[601] [Route favicon.ico has not been found in routes file!]
		Line 98 in file [D:\PHPStorm\ArchFW\src\ArchFW\Controllers\Router.php]
[2018-12-06 19:22:05]
		[601] [Route api has not been found in routes file!]
		Line 98 in file [D:\PHPStorm\ArchFW\src\ArchFW\Controllers\Router.php]
[2018-12-06 19:22:05]
		[601] [Route favicon.ico has not been found in routes file!]
		Line 98 in file [D:\PHPStorm\ArchFW\src\ArchFW\Controllers\Router.php]
[2018-12-06 19:24:26]
		[601] [Route favicon.ico has not been found in routes file!]
		Line 96 in file [D:\PHPStorm\ArchFW\src\ArchFW\Controllers\Router.php]
[2018-12-06 19:24:26]
		[601] [Route favicon.ico has not been found in routes file!]
		Line 96 in file [D:\PHPStorm\ArchFW\src\ArchFW\Controllers\Router.php]
[2018-12-06 19:24:27]
		[601] [Route favicon.ico has not been found in routes file!]
		Line 96 in file [D:\PHPStorm\ArchFW\src\ArchFW\Controllers\Router.php]
[2018-12-06 19:25:03]
		[601] [Route favicon.ico has not been found in routes file!]
		Line 96 in file [D:\PHPStorm\ArchFW\src\ArchFW\Controllers\Router.php]
[2018-12-06 19:25:03]
		[601] [Route favicon.ico has not been found in routes file!]
		Line 96 in file [D:\PHPStorm\ArchFW\src\ArchFW\Controllers\Router.php]
[2018-12-06 19:25:03]
		[601] [Route favicon.ico has not been found in routes file!]
		Line 96 in file [D:\PHPStorm\ArchFW\src\ArchFW\Controllers\Router.php]
[2018-12-06 19:25:03]
		[601] [Route favicon.ico has not been found in routes file!]
		Line 96 in file [D:\PHPStorm\ArchFW\src\ArchFW\Controllers\Router.php]
[2018-12-06 19:25:17]
		[601] [Route favicon.ico has not been found in routes file!]
		Line 97 in file [D:\PHPStorm\ArchFW\src\ArchFW\Controllers\Router.php]
[2018-12-06 19:27:58]
		[601] [Route favicon.ico has not been found in routes file!]
		Line 97 in file [D:\PHPStorm\ArchFW\src\ArchFW\Controllers\Router.php]
[2018-12-06 19:29:51]
		[601] [Route favicon.ico has not been found in routes file!]
		Line 97 in file [D:\PHPStorm\ArchFW\src\ArchFW\Controllers\Router.php]
[2018-12-06 19:29:52]
		[601] [Route favicon.ico has not been found in routes file!]
		Line 97 in file [D:\PHPStorm\ArchFW\src\ArchFW\Controllers\Router.php]
[2018-12-06 19:29:52]
		[601] [Route favicon.ico has not been found in routes file!]
		Line 97 in file [D:\PHPStorm\ArchFW\src\ArchFW\Controllers\Router.php]
[2018-12-06 19:29:52]
		[601] [Route favicon.ico has not been found in routes file!]
		Line 97 in file [D:\PHPStorm\ArchFW\src\ArchFW\Controllers\Router.php]
[2018-12-06 19:30:15]
		[601] [Route favicon.ico has not been found in routes file!]
		Line 97 in file [D:\PHPStorm\ArchFW\src\ArchFW\Controllers\Router.php]
[2018-12-06 19:35:31]
		[601] [Route favicon.ico has not been found in routes file!]
		Line 97 in file [D:\PHPStorm\ArchFW\src\ArchFW\Controllers\Router.php]
[2018-12-06 19:35:31]
		[601] [Route favicon.ico has not been found in routes file!]
		Line 97 in file [D:\PHPStorm\ArchFW\src\ArchFW\Controllers\Router.php]
[2018-12-06 19:35:31]
		[601] [Route favicon.ico has not been found in routes file!]
		Line 97 in file [D:\PHPStorm\ArchFW\src\ArchFW\Controllers\Router.php]
[2018-12-06 19:35:31]
		[601] [Route favicon.ico has not been found in routes file!]
		Line 97 in file [D:\PHPStorm\ArchFW\src\ArchFW\Controllers\Router.php]
[2018-12-06 19:35:32]
		[601] [Route favicon.ico has not been found in routes file!]
		Line 97 in file [D:\PHPStorm\ArchFW\src\ArchFW\Controllers\Router.php]
[2018-12-06 19:35:32]
		[601] [Route favicon.ico has not been found in routes file!]
		Line 97 in file [D:\PHPStorm\ArchFW\src\ArchFW\Controllers\Router.php]
[2018-12-06 19:35:32]
		[601] [Route favicon.ico has not been found in routes file!]
		Line 97 in file [D:\PHPStorm\ArchFW\src\ArchFW\Controllers\Router.php]
[2018-12-06 19:35:32]
		[601] [Route favicon.ico has not been found in routes file!]
		Line 97 in file [D:\PHPStorm\ArchFW\src\ArchFW\Controllers\Router.php]
[2018-12-06 19:35:32]
		[601] [Route favicon.ico has not been found in routes file!]
		Line 97 in file [D:\PHPStorm\ArchFW\src\ArchFW\Controllers\Router.php]
[2018-12-06 19:35:47]
		[601] [Route favicon.ico has not been found in routes file!]
		Line 97 in file [D:\PHPStorm\ArchFW\src\ArchFW\Controllers\Router.php]
[2018-12-06 19:35:48]
		[601] [Route favicon.ico has not been found in routes file!]
		Line 97 in file [D:\PHPStorm\ArchFW\src\ArchFW\Controllers\Router.php]
[2018-12-06 19:35:48]
		[601] [Route favicon.ico has not been found in routes file!]
		Line 97 in file [D:\PHPStorm\ArchFW\src\ArchFW\Controllers\Router.php]
[2018-12-06 19:38:37]
		[601] [Route favicon.ico has not been found in routes file!]
		Line 97 in file [D:\PHPStorm\ArchFW\src\ArchFW\Controllers\Router.php]
[2018-12-06 19:38:37]
		[601] [Route favicon.ico has not been found in routes file!]
		Line 97 in file [D:\PHPStorm\ArchFW\src\ArchFW\Controllers\Router.php]
[2018-12-06 19:38:38]
		[601] [Route favicon.ico has not been found in routes file!]
		Line 97 in file [D:\PHPStorm\ArchFW\src\ArchFW\Controllers\Router.php]
[2018-12-06 19:39:29]
		[601] [Route favicon.ico has not been found in routes file!]
		Line 97 in file [D:\PHPStorm\ArchFW\src\ArchFW\Controllers\Router.php]
[2018-12-06 19:39:43]
		[601] [Route favicon.ico has not been found in routes file!]
		Line 97 in file [D:\PHPStorm\ArchFW\src\ArchFW\Controllers\Router.php]
[2018-12-06 19:39:46]
		[601] [Route favicon.ico has not been found in routes file!]
		Line 97 in file [D:\PHPStorm\ArchFW\src\ArchFW\Controllers\Router.php]
[2018-12-06 19:40:00]
		[601] [Route favicon.ico has not been found in routes file!]
		Line 97 in file [D:\PHPStorm\ArchFW\src\ArchFW\Controllers\Router.php]
[2018-12-06 19:44:02]
		[601] [Route favicon.ico has not been found in routes file!]
		Line 97 in file [D:\PHPStorm\ArchFW\src\ArchFW\Controllers\Router.php]
[2018-12-07 14:08:15]
		[601] [Route favicon.ico has not been found in routes file!]
		Line 99 in file [D:\PHPStorm\TownOfSalem\src\ArchFW\Controllers\Router.php]
[2018-12-07 14:08:16]
		[601] [Route favicon.ico has not been found in routes file!]
		Line 99 in file [D:\PHPStorm\TownOfSalem\src\ArchFW\Controllers\Router.php]
[2018-12-07 14:08:16]
		[601] [Route favicon.ico has not been found in routes file!]
		Line 99 in file [D:\PHPStorm\TownOfSalem\src\ArchFW\Controllers\Router.php]
[2018-12-07 14:08:16]
		[601] [Route favicon.ico has not been found in routes file!]
		Line 99 in file [D:\PHPStorm\TownOfSalem\src\ArchFW\Controllers\Router.php]
[2018-12-07 14:08:16]
		[601] [Route favicon.ico has not been found in routes file!]
		Line 99 in file [D:\PHPStorm\TownOfSalem\src\ArchFW\Controllers\Router.php]
[2018-12-07 14:08:16]
		[601] [Route favicon.ico has not been found in routes file!]
		Line 99 in file [D:\PHPStorm\TownOfSalem\src\ArchFW\Controllers\Router.php]
[2018-12-07 14:08:16]
		[601] [Route favicon.ico has not been found in routes file!]
		Line 99 in file [D:\PHPStorm\TownOfSalem\src\ArchFW\Controllers\Router.php]
[2018-12-07 14:19:04]
		[601] [Route favicon.ico has not been found in routes file!]
		Line 99 in file [D:\PHPStorm\TownOfSalem\src\ArchFW\Controllers\Router.php]
[2018-12-07 14:19:04]
		[601] [Route favicon.ico has not been found in routes file!]
		Line 99 in file [D:\PHPStorm\TownOfSalem\src\ArchFW\Controllers\Router.php]
[2018-12-07 14:19:05]
		[601] [Route favicon.ico has not been found in routes file!]
		Line 99 in file [D:\PHPStorm\TownOfSalem\src\ArchFW\Controllers\Router.php]
[2018-12-07 14:19:05]
		[601] [Route favicon.ico has not been found in routes file!]
		Line 99 in file [D:\PHPStorm\TownOfSalem\src\ArchFW\Controllers\Router.php]
[2018-12-07 18:57:30]
		[601] [Route login has not been found in routes file!]
		Line 99 in file [D:\PHPStorm\TownOfSalem\src\ArchFW\Controllers\Router.php]
[2018-12-07 18:57:30]
		[601] [Route favicon.ico has not been found in routes file!]
		Line 99 in file [D:\PHPStorm\TownOfSalem\src\ArchFW\Controllers\Router.php]
[2018-12-07 22:53:30]
		[601] [Route favicon.ico has not been found in routes file!]
		Line 99 in file [D:\PHPStorm\TownOfSalem\src\ArchFW\Controllers\Router.php]
[2018-12-07 22:53:53]
		[601] [Route favicon.ico has not been found in routes file!]
		Line 99 in file [D:\PHPStorm\TownOfSalem\src\ArchFW\Controllers\Router.php]
[2018-12-07 22:53:54]
		[601] [Route favicon.ico has not been found in routes file!]
		Line 99 in file [D:\PHPStorm\TownOfSalem\src\ArchFW\Controllers\Router.php]
[2018-12-07 22:53:54]
		[601] [Route favicon.ico has not been found in routes file!]
		Line 99 in file [D:\PHPStorm\TownOfSalem\src\ArchFW\Controllers\Router.php]
[2018-12-07 22:53:54]
		[601] [Route favicon.ico has not been found in routes file!]
		Line 99 in file [D:\PHPStorm\TownOfSalem\src\ArchFW\Controllers\Router.php]
[2018-12-07 22:53:54]
		[601] [Route favicon.ico has not been found in routes file!]
		Line 99 in file [D:\PHPStorm\TownOfSalem\src\ArchFW\Controllers\Router.php]
[2018-12-07 22:53:54]
		[601] [Route favicon.ico has not been found in routes file!]
		Line 99 in file [D:\PHPStorm\TownOfSalem\src\ArchFW\Controllers\Router.php]
[2018-12-07 22:53:54]
		[601] [Route favicon.ico has not been found in routes file!]
		Line 99 in file [D:\PHPStorm\TownOfSalem\src\ArchFW\Controllers\Router.php]
[2018-12-07 22:53:55]
		[601] [Route favicon.ico has not been found in routes file!]
		Line 99 in file [D:\PHPStorm\TownOfSalem\src\ArchFW\Controllers\Router.php]
[2018-12-07 22:53:55]
		[601] [Route favicon.ico has not been found in routes file!]
		Line 99 in file [D:\PHPStorm\TownOfSalem\src\ArchFW\Controllers\Router.php]
[2018-12-07 22:53:55]
		[601] [Route favicon.ico has not been found in routes file!]
		Line 99 in file [D:\PHPStorm\TownOfSalem\src\ArchFW\Controllers\Router.php]
[2018-12-07 22:53:55]
		[601] [Route favicon.ico has not been found in routes file!]
		Line 99 in file [D:\PHPStorm\TownOfSalem\src\ArchFW\Controllers\Router.php]
[2018-12-07 22:53:55]
		[601] [Route favicon.ico has not been found in routes file!]
		Line 99 in file [D:\PHPStorm\TownOfSalem\src\ArchFW\Controllers\Router.php]
[2018-12-07 22:53:55]
		[601] [Route favicon.ico has not been found in routes file!]
		Line 99 in file [D:\PHPStorm\TownOfSalem\src\ArchFW\Controllers\Router.php]
[2018-12-07 22:53:56]
		[601] [Route favicon.ico has not been found in routes file!]
		Line 99 in file [D:\PHPStorm\TownOfSalem\src\ArchFW\Controllers\Router.php]
[2018-12-07 22:53:56]
		[601] [Route favicon.ico has not been found in routes file!]
		Line 99 in file [D:\PHPStorm\TownOfSalem\src\ArchFW\Controllers\Router.php]
[2018-12-07 22:56:01]
		[601] [Route favicon.ico has not been found in routes file!]
		Line 99 in file [D:\PHPStorm\TownOfSalem\src\ArchFW\Controllers\Router.php]
[2018-12-07 22:56:55]
		[601] [Route favicon.ico has not been found in routes file!]
		Line 99 in file [D:\PHPStorm\TownOfSalem\src\ArchFW\Controllers\Router.php]
[2018-12-07 22:58:23]
		[601] [Route favicon.ico has not been found in routes file!]
		Line 99 in file [D:\PHPStorm\TownOfSalem\src\ArchFW\Controllers\Router.php]
[2018-12-07 23:01:16]
		[601] [Route favicon.ico has not been found in routes file!]
		Line 99 in file [D:\PHPStorm\TownOfSalem\src\ArchFW\Controllers\Router.php]
[2018-12-07 23:01:26]
		[601] [Route favicon.ico has not been found in routes file!]
		Line 99 in file [D:\PHPStorm\TownOfSalem\src\ArchFW\Controllers\Router.php]
[2018-12-07 23:05:28]
		[601] [Route favicon.ico has not been found in routes file!]
		Line 99 in file [D:\PHPStorm\TownOfSalem\src\ArchFW\Controllers\Router.php]
[2018-12-07 23:05:29]
		[601] [Route favicon.ico has not been found in routes file!]
		Line 99 in file [D:\PHPStorm\TownOfSalem\src\ArchFW\Controllers\Router.php]
[2018-12-07 23:05:29]
		[601] [Route favicon.ico has not been found in routes file!]
		Line 99 in file [D:\PHPStorm\TownOfSalem\src\ArchFW\Controllers\Router.php]
[2018-12-07 23:05:29]
		[601] [Route favicon.ico has not been found in routes file!]
		Line 99 in file [D:\PHPStorm\TownOfSalem\src\ArchFW\Controllers\Router.php]
[2018-12-07 23:05:30]
		[601] [Route favicon.ico has not been found in routes file!]
		Line 99 in file [D:\PHPStorm\TownOfSalem\src\ArchFW\Controllers\Router.php]
[2018-12-07 23:05:55]
		[601] [Route favicon.ico has not been found in routes file!]
		Line 99 in file [D:\PHPStorm\TownOfSalem\src\ArchFW\Controllers\Router.php]
[2018-12-07 23:06:08]
		[601] [Route favicon.ico has not been found in routes file!]
		Line 99 in file [D:\PHPStorm\TownOfSalem\src\ArchFW\Controllers\Router.php]
[2018-12-07 23:07:16]
		[601] [Route favicon.ico has not been found in routes file!]
		Line 99 in file [D:\PHPStorm\TownOfSalem\src\ArchFW\Controllers\Router.php]
[2018-12-07 23:07:23]
		[601] [Route favicon.ico has not been found in routes file!]
		Line 99 in file [D:\PHPStorm\TownOfSalem\src\ArchFW\Controllers\Router.php]
[2018-12-07 23:12:54]
		[101] [Someone tried to load profile with login [admin].]
		Line 88 in file [D:\PHPStorm\TownOfSalem\src\Game\Controllers\Account.php]
[2018-12-07 23:12:54]
		[601] [Route favicon.ico has not been found in routes file!]
		Line 99 in file [D:\PHPStorm\TownOfSalem\src\ArchFW\Controllers\Router.php]
[2018-12-07 23:13:18]
		[101] [Someone tried to load profile with login [admin].]
		Line 88 in file [D:\PHPStorm\TownOfSalem\src\Game\Controllers\Account.php]
[2018-12-07 23:13:28]
		[101] [Someone tried to load profile with login [admin].]
		Line 88 in file [D:\PHPStorm\TownOfSalem\src\Game\Controllers\Account.php]
[2018-12-07 23:14:01]
		[101] [Someone tried to load profile with login [admin].]
		Line 88 in file [D:\PHPStorm\TownOfSalem\src\Game\Controllers\Account.php]
[2018-12-07 23:14:03]
		[101] [Someone tried to load profile with login [admin].]
		Line 88 in file [D:\PHPStorm\TownOfSalem\src\Game\Controllers\Account.php]
[2018-12-07 23:14:15]
		[101] [Someone tried to load profile with login [admin].]
		Line 88 in file [D:\PHPStorm\TownOfSalem\src\Game\Controllers\Account.php]
[2018-12-07 23:14:15]
		[601] [Route favicon.ico has not been found in routes file!]
		Line 99 in file [D:\PHPStorm\TownOfSalem\src\ArchFW\Controllers\Router.php]
[2018-12-07 23:14:27]
		[601] [Route favicon.ico has not been found in routes file!]
		Line 99 in file [D:\PHPStorm\TownOfSalem\src\ArchFW\Controllers\Router.php]
[2018-12-07 23:14:44]
		[101] [Someone tried to load profile with login [admin].]
		Line 88 in file [D:\PHPStorm\TownOfSalem\src\Game\Controllers\Account.php]
[2018-12-07 23:14:57]
		[601] [Route favicon.ico has not been found in routes file!]
		Line 99 in file [D:\PHPStorm\TownOfSalem\src\ArchFW\Controllers\Router.php]
[2018-12-07 23:15:10]
		[101] [Someone tried to load profile with login [admin].]
		Line 88 in file [D:\PHPStorm\TownOfSalem\src\Game\Controllers\Account.php]
[2018-12-07 23:15:10]
		[601] [Route favicon.ico has not been found in routes file!]
		Line 99 in file [D:\PHPStorm\TownOfSalem\src\ArchFW\Controllers\Router.php]
[2018-12-07 23:15:45]
		[601] [Route favicon.ico has not been found in routes file!]
		Line 99 in file [D:\PHPStorm\TownOfSalem\src\ArchFW\Controllers\Router.php]
[2018-12-07 23:15:53]
		[601] [Route favicon.ico has not been found in routes file!]
		Line 99 in file [D:\PHPStorm\TownOfSalem\src\ArchFW\Controllers\Router.php]
[2018-12-07 23:16:23]
		[601] [Route favicon.ico has not been found in routes file!]
		Line 99 in file [D:\PHPStorm\TownOfSalem\src\ArchFW\Controllers\Router.php]
[2018-12-07 23:17:42]
		[101] [Someone tried to load profile with login [admin].]
		Line 87 in file [D:\PHPStorm\TownOfSalem\src\Game\Controllers\Account.php]
[2018-12-07 23:17:54]
		[101] [Someone tried to load profile with login [admin].]
		Line 87 in file [D:\PHPStorm\TownOfSalem\src\Game\Controllers\Account.php]
[2018-12-07 23:18:02]
		[101] [Someone tried to load profile with login [admin].]
		Line 87 in file [D:\PHPStorm\TownOfSalem\src\Game\Controllers\Account.php]
[2018-12-07 23:18:03]
		[601] [Route favicon.ico has not been found in routes file!]
		Line 99 in file [D:\PHPStorm\TownOfSalem\src\ArchFW\Controllers\Router.php]
[2018-12-07 23:18:23]
		[101] [Someone tried to load profile with login [admin].]
		Line 87 in file [D:\PHPStorm\TownOfSalem\src\Game\Controllers\Account.php]
[2018-12-07 23:18:23]
		[601] [Route favicon.ico has not been found in routes file!]
		Line 99 in file [D:\PHPStorm\TownOfSalem\src\ArchFW\Controllers\Router.php]
[2018-12-07 23:18:40]
		[101] [Someone tried to load profile with login [admin].]
		Line 87 in file [D:\PHPStorm\TownOfSalem\src\Game\Controllers\Account.php]
[2018-12-07 23:18:40]
		[601] [Route favicon.ico has not been found in routes file!]
		Line 99 in file [D:\PHPStorm\TownOfSalem\src\ArchFW\Controllers\Router.php]
[2018-12-07 23:19:04]
		[101] [Someone tried to load profile with login [admin].]
		Line 87 in file [D:\PHPStorm\TownOfSalem\src\Game\Controllers\Account.php]
[2018-12-07 23:19:04]
		[601] [Route favicon.ico has not been found in routes file!]
		Line 99 in file [D:\PHPStorm\TownOfSalem\src\ArchFW\Controllers\Router.php]
[2018-12-07 23:19:40]
		[101] [Someone tried to load profile with login [admin].]
		Line 87 in file [D:\PHPStorm\TownOfSalem\src\Game\Controllers\Account.php]
[2018-12-07 23:21:25]
		[101] [Someone tried to load profile with login [admin].]
		Line 87 in file [D:\PHPStorm\TownOfSalem\src\Game\Controllers\Account.php]
[2018-12-07 23:21:39]
		[101] [Someone tried to load profile with login [admin].]
		Line 87 in file [D:\PHPStorm\TownOfSalem\src\Game\Controllers\Account.php]
[2018-12-07 23:22:09]
		[101] [Someone tried to load profile with login [admin].]
		Line 87 in file [D:\PHPStorm\TownOfSalem\src\Game\Controllers\Account.php]
[2018-12-07 23:22:13]
		[101] [Someone tried to load profile with login [admin].]
		Line 87 in file [D:\PHPStorm\TownOfSalem\src\Game\Controllers\Account.php]
[2018-12-07 23:22:24]
		[101] [Someone tried to load profile with login [admin].]
		Line 87 in file [D:\PHPStorm\TownOfSalem\src\Game\Controllers\Account.php]
[2018-12-07 23:22:34]
		[101] [Someone tried to load profile with login [admin].]
		Line 87 in file [D:\PHPStorm\TownOfSalem\src\Game\Controllers\Account.php]
[2018-12-07 23:22:43]
		[101] [Someone tried to load profile with login [admin].]
		Line 87 in file [D:\PHPStorm\TownOfSalem\src\Game\Controllers\Account.php]
[2018-12-08 00:04:56]
		[601] [Route favicon.ico has not been found in routes file!]
		Line 99 in file [D:\PHPStorm\TownOfSalem\src\ArchFW\Controllers\Router.php]
[2018-12-08 00:09:48]
		[601] [Route favicon.ico has not been found in routes file!]
		Line 99 in file [D:\PHPStorm\TownOfSalem\src\ArchFW\Controllers\Router.php]
[2018-12-08 00:09:49]
		[601] [Route favicon.ico has not been found in routes file!]
		Line 99 in file [D:\PHPStorm\TownOfSalem\src\ArchFW\Controllers\Router.php]
[2018-12-08 00:09:49]
		[601] [Route favicon.ico has not been found in routes file!]
		Line 99 in file [D:\PHPStorm\TownOfSalem\src\ArchFW\Controllers\Router.php]
[2018-12-08 00:45:09]
		[601] [Route favicon.ico has not been found in routes file!]
		Line 99 in file [D:\PHPStorm\TownOfSalem\src\ArchFW\Controllers\Router.php]
[2018-12-08 00:45:37]
		[601] [Route favicon.ico has not been found in routes file!]
		Line 99 in file [D:\PHPStorm\TownOfSalem\src\ArchFW\Controllers\Router.php]
[2018-12-08 00:57:32]
		[601] [Route favicon.ico has not been found in routes file!]
		Line 99 in file [D:\PHPStorm\TownOfSalem\src\ArchFW\Controllers\Router.php]
[2018-12-08 00:57:32]
		[601] [Route favicon.ico has not been found in routes file!]
		Line 99 in file [D:\PHPStorm\TownOfSalem\src\ArchFW\Controllers\Router.php]
[2018-12-08 01:29:23]
		[601] [Route startAct has not been found in routes file!]
		Line 99 in file [D:\PHPStorm\TownOfSalem\src\ArchFW\Controllers\Router.php]
[2018-12-08 01:29:23]
		[601] [Route favicon.ico has not been found in routes file!]
		Line 99 in file [D:\PHPStorm\TownOfSalem\src\ArchFW\Controllers\Router.php]
[2018-12-08 01:35:41]
		[601] [Route favicon.ico has not been found in routes file!]
		Line 99 in file [D:\PHPStorm\TownOfSalem\src\ArchFW\Controllers\Router.php]
[2018-12-08 01:35:41]
		[601] [Route favicon.ico has not been found in routes file!]
		Line 99 in file [D:\PHPStorm\TownOfSalem\src\ArchFW\Controllers\Router.php]
[2018-12-08 01:35:42]
		[601] [Route favicon.ico has not been found in routes file!]
		Line 99 in file [D:\PHPStorm\TownOfSalem\src\ArchFW\Controllers\Router.php]
[2018-12-08 01:38:32]
		[601] [Route favicon.ico has not been found in routes file!]
		Line 162 in file [D:\PHPStorm\TownOfSalem\src\ArchFW\Controllers\Router.php]
[2018-12-08 01:38:34]
		[601] [Route favicon.ico has not been found in routes file!]
		Line 162 in file [D:\PHPStorm\TownOfSalem\src\ArchFW\Controllers\Router.php]
[2018-12-08 01:38:34]
		[601] [Route favicon.ico has not been found in routes file!]
		Line 162 in file [D:\PHPStorm\TownOfSalem\src\ArchFW\Controllers\Router.php]
[2018-12-08 01:38:35]
		[601] [Route favicon.ico has not been found in routes file!]
		Line 162 in file [D:\PHPStorm\TownOfSalem\src\ArchFW\Controllers\Router.php]
[2018-12-08 01:38:35]
		[601] [Route favicon.ico has not been found in routes file!]
		Line 162 in file [D:\PHPStorm\TownOfSalem\src\ArchFW\Controllers\Router.php]
[2018-12-08 01:38:35]
		[601] [Route favicon.ico has not been found in routes file!]
		Line 162 in file [D:\PHPStorm\TownOfSalem\src\ArchFW\Controllers\Router.php]
[2018-12-08 01:38:35]
		[601] [Route favicon.ico has not been found in routes file!]
		Line 162 in file [D:\PHPStorm\TownOfSalem\src\ArchFW\Controllers\Router.php]
[2018-12-08 01:38:36]
		[601] [Route favicon.ico has not been found in routes file!]
		Line 162 in file [D:\PHPStorm\TownOfSalem\src\ArchFW\Controllers\Router.php]
[2018-12-08 01:38:36]
		[601] [Route favicon.ico has not been found in routes file!]
		Line 162 in file [D:\PHPStorm\TownOfSalem\src\ArchFW\Controllers\Router.php]
[2018-12-08 01:38:36]
		[601] [Route favicon.ico has not been found in routes file!]
		Line 162 in file [D:\PHPStorm\TownOfSalem\src\ArchFW\Controllers\Router.php]
[2018-12-08 01:38:36]
		[601] [Route favicon.ico has not been found in routes file!]
		Line 162 in file [D:\PHPStorm\TownOfSalem\src\ArchFW\Controllers\Router.php]
[2018-12-08 01:38:37]
		[601] [Route favicon.ico has not been found in routes file!]
		Line 162 in file [D:\PHPStorm\TownOfSalem\src\ArchFW\Controllers\Router.php]
[2018-12-08 01:41:58]
		[601] [Route favicon.ico has not been found in routes file!]
		Line 162 in file [D:\PHPStorm\TownOfSalem\src\ArchFW\Controllers\Router.php]
[2018-12-08 01:42:35]
		[601] [Route favicon.ico has not been found in routes file!]
		Line 162 in file [D:\PHPStorm\TownOfSalem\src\ArchFW\Controllers\Router.php]
[2018-12-08 02:06:58]
		[601] [Route about has not been found in routes file!]
		Line 162 in file [D:\PHPStorm\TownOfSalem\src\ArchFW\Controllers\Router.php]
[2018-12-08 02:06:58]
		[601] [Route favicon.ico has not been found in routes file!]
		Line 162 in file [D:\PHPStorm\TownOfSalem\src\ArchFW\Controllers\Router.php]
[2018-12-08 02:07:03]
		[601] [Route authors has not been found in routes file!]
		Line 162 in file [D:\PHPStorm\TownOfSalem\src\ArchFW\Controllers\Router.php]
[2018-12-08 02:07:03]
		[601] [Route favicon.ico has not been found in routes file!]
		Line 162 in file [D:\PHPStorm\TownOfSalem\src\ArchFW\Controllers\Router.php]
[2018-12-08 02:26:54]
		[601] [Route card has not been found in routes file!]
		Line 162 in file [D:\PHPStorm\TownOfSalem\src\ArchFW\Controllers\Router.php]
[2018-12-08 02:26:54]
		[601] [Route favicon.ico has not been found in routes file!]
		Line 162 in file [D:\PHPStorm\TownOfSalem\src\ArchFW\Controllers\Router.php]
[2018-12-08 02:29:30]
		[601] [Route card has not been found in routes file!]
		Line 162 in file [D:\PHPStorm\TownOfSalem\src\ArchFW\Controllers\Router.php]
[2018-12-08 02:29:30]
		[601] [Route favicon.ico has not been found in routes file!]
		Line 162 in file [D:\PHPStorm\TownOfSalem\src\ArchFW\Controllers\Router.php]
[2018-12-08 02:29:30]
		[601] [Route card has not been found in routes file!]
		Line 162 in file [D:\PHPStorm\TownOfSalem\src\ArchFW\Controllers\Router.php]
[2018-12-08 02:29:30]
		[601] [Route favicon.ico has not been found in routes file!]
		Line 162 in file [D:\PHPStorm\TownOfSalem\src\ArchFW\Controllers\Router.php]
[2018-12-08 02:29:30]
		[601] [Route card has not been found in routes file!]
		Line 162 in file [D:\PHPStorm\TownOfSalem\src\ArchFW\Controllers\Router.php]
[2018-12-08 02:29:30]
		[601] [Route favicon.ico has not been found in routes file!]
		Line 162 in file [D:\PHPStorm\TownOfSalem\src\ArchFW\Controllers\Router.php]
[2018-12-08 02:30:31]
		[0] [Template wasn't found.]
		Line 95 in file [D:\PHPStorm\TownOfSalem\src\ArchFW\Views\Renderers\HTMLRenderer.php]
[2018-12-08 02:30:31]
		[601] [Route favicon.ico has not been found in routes file!]
		Line 162 in file [D:\PHPStorm\TownOfSalem\src\ArchFW\Controllers\Router.php]
[2018-12-08 02:30:31]
		[0] [Template wasn't found.]
		Line 95 in file [D:\PHPStorm\TownOfSalem\src\ArchFW\Views\Renderers\HTMLRenderer.php]
[2018-12-08 02:30:31]
		[601] [Route favicon.ico has not been found in routes file!]
		Line 162 in file [D:\PHPStorm\TownOfSalem\src\ArchFW\Controllers\Router.php]
[2018-12-08 02:30:31]
		[0] [Template wasn't found.]
		Line 95 in file [D:\PHPStorm\TownOfSalem\src\ArchFW\Views\Renderers\HTMLRenderer.php]
[2018-12-08 02:30:32]
		[601] [Route favicon.ico has not been found in routes file!]
		Line 162 in file [D:\PHPStorm\TownOfSalem\src\ArchFW\Controllers\Router.php]
[2018-12-08 09:27:09]
		[101] [Card with ID 1 in act 1 not found]
		Line 57 in file [D:\PHPStorm\TownOfSalem\src\Game\Controllers\Card.php]
[2018-12-08 09:27:09]
		[601] [Route favicon.ico has not been found in routes file!]
		Line 162 in file [D:\PHPStorm\TownOfSalem\src\ArchFW\Controllers\Router.php]
[2018-12-08 09:27:40]
		[101] [Card with ID 1 in act 1 not found]
		Line 57 in file [D:\PHPStorm\TownOfSalem\src\Game\Controllers\Card.php]
[2018-12-08 09:27:40]
		[601] [Route favicon.ico has not been found in routes file!]
		Line 162 in file [D:\PHPStorm\TownOfSalem\src\ArchFW\Controllers\Router.php]
[2018-12-08 09:30:33]
		[101] [Card with ID 1 in act 1 not found]
		Line 57 in file [D:\PHPStorm\TownOfSalem\src\Game\Controllers\Card.php]
[2018-12-08 09:30:33]
		[601] [Route favicon.ico has not been found in routes file!]
		Line 162 in file [D:\PHPStorm\TownOfSalem\src\ArchFW\Controllers\Router.php]
[2018-12-08 09:30:47]
		[101] [Card with ID 1 in act 1 not found]
		Line 57 in file [D:\PHPStorm\TownOfSalem\src\Game\Controllers\Card.php]
[2018-12-08 09:30:47]
		[601] [Route favicon.ico has not been found in routes file!]
		Line 162 in file [D:\PHPStorm\TownOfSalem\src\ArchFW\Controllers\Router.php]
[2018-12-08 09:30:57]
		[601] [Route favicon.ico has not been found in routes file!]
		Line 162 in file [D:\PHPStorm\TownOfSalem\src\ArchFW\Controllers\Router.php]
[2018-12-08 09:31:54]
		[601] [Route favicon.ico has not been found in routes file!]
		Line 162 in file [D:\PHPStorm\TownOfSalem\src\ArchFW\Controllers\Router.php]
[2018-12-08 09:31:55]
		[601] [Route favicon.ico has not been found in routes file!]
		Line 162 in file [D:\PHPStorm\TownOfSalem\src\ArchFW\Controllers\Router.php]
[2018-12-08 09:33:05]
		[601] [Route favicon.ico has not been found in routes file!]
		Line 162 in file [D:\PHPStorm\TownOfSalem\src\ArchFW\Controllers\Router.php]
[2018-12-08 09:33:06]
		[601] [Route favicon.ico has not been found in routes file!]
		Line 162 in file [D:\PHPStorm\TownOfSalem\src\ArchFW\Controllers\Router.php]
[2018-12-08 09:33:22]
		[601] [Route favicon.ico has not been found in routes file!]
		Line 162 in file [D:\PHPStorm\TownOfSalem\src\ArchFW\Controllers\Router.php]
[2018-12-08 09:33:44]
		[601] [Route favicon.ico has not been found in routes file!]
		Line 162 in file [D:\PHPStorm\TownOfSalem\src\ArchFW\Controllers\Router.php]
[2018-12-08 09:35:32]
		[601] [Route favicon.ico has not been found in routes file!]
		Line 162 in file [D:\PHPStorm\TownOfSalem\src\ArchFW\Controllers\Router.php]
[2018-12-08 09:35:32]
		[601] [Route favicon.ico has not been found in routes file!]
		Line 162 in file [D:\PHPStorm\TownOfSalem\src\ArchFW\Controllers\Router.php]
[2018-12-08 09:35:33]
		[601] [Route favicon.ico has not been found in routes file!]
		Line 162 in file [D:\PHPStorm\TownOfSalem\src\ArchFW\Controllers\Router.php]
[2018-12-08 09:35:33]
		[601] [Route favicon.ico has not been found in routes file!]
		Line 162 in file [D:\PHPStorm\TownOfSalem\src\ArchFW\Controllers\Router.php]
[2018-12-08 09:38:07]
		[601] [Route favicon.ico has not been found in routes file!]
		Line 162 in file [D:\PHPStorm\TownOfSalem\src\ArchFW\Controllers\Router.php]
[2018-12-08 09:38:07]
		[601] [Route favicon.ico has not been found in routes file!]
		Line 162 in file [D:\PHPStorm\TownOfSalem\src\ArchFW\Controllers\Router.php]
[2018-12-08 09:38:07]
		[601] [Route favicon.ico has not been found in routes file!]
		Line 162 in file [D:\PHPStorm\TownOfSalem\src\ArchFW\Controllers\Router.php]
[2018-12-08 09:38:07]
		[601] [Route favicon.ico has not been found in routes file!]
		Line 162 in file [D:\PHPStorm\TownOfSalem\src\ArchFW\Controllers\Router.php]
[2018-12-08 09:43:53]
		[601] [Route favicon.ico has not been found in routes file!]
		Line 162 in file [D:\PHPStorm\TownOfSalem\src\ArchFW\Controllers\Router.php]
[2018-12-08 09:43:54]
		[601] [Route favicon.ico has not been found in routes file!]
		Line 162 in file [D:\PHPStorm\TownOfSalem\src\ArchFW\Controllers\Router.php]
[2018-12-08 09:43:54]
		[601] [Route favicon.ico has not been found in routes file!]
		Line 162 in file [D:\PHPStorm\TownOfSalem\src\ArchFW\Controllers\Router.php]
[2018-12-08 09:44:08]
		[601] [Route favicon.ico has not been found in routes file!]
		Line 162 in file [D:\PHPStorm\TownOfSalem\src\ArchFW\Controllers\Router.php]
[2018-12-08 09:52:30]
		[601] [Route favicon.ico has not been found in routes file!]
		Line 162 in file [D:\PHPStorm\TownOfSalem\src\ArchFW\Controllers\Router.php]
[2018-12-08 09:53:27]
		[601] [Route favicon.ico has not been found in routes file!]
		Line 162 in file [D:\PHPStorm\TownOfSalem\src\ArchFW\Controllers\Router.php]
[2018-12-08 09:53:28]
		[601] [Route favicon.ico has not been found in routes file!]
		Line 162 in file [D:\PHPStorm\TownOfSalem\src\ArchFW\Controllers\Router.php]
[2018-12-08 09:54:06]
		[601] [Route favicon.ico has not been found in routes file!]
		Line 162 in file [D:\PHPStorm\TownOfSalem\src\ArchFW\Controllers\Router.php]
[2018-12-08 09:54:06]
		[601] [Route favicon.ico has not been found in routes file!]
		Line 162 in file [D:\PHPStorm\TownOfSalem\src\ArchFW\Controllers\Router.php]
[2018-12-08 09:54:07]
		[601] [Route favicon.ico has not been found in routes file!]
		Line 162 in file [D:\PHPStorm\TownOfSalem\src\ArchFW\Controllers\Router.php]
[2018-12-08 09:54:07]
		[601] [Route favicon.ico has not been found in routes file!]
		Line 162 in file [D:\PHPStorm\TownOfSalem\src\ArchFW\Controllers\Router.php]
[2018-12-08 09:57:00]
		[601] [Route favicon.ico has not been found in routes file!]
		Line 162 in file [D:\PHPStorm\TownOfSalem\src\ArchFW\Controllers\Router.php]
[2018-12-08 09:57:01]
		[601] [Route favicon.ico has not been found in routes file!]
		Line 162 in file [D:\PHPStorm\TownOfSalem\src\ArchFW\Controllers\Router.php]
[2018-12-08 09:57:01]
		[601] [Route favicon.ico has not been found in routes file!]
		Line 162 in file [D:\PHPStorm\TownOfSalem\src\ArchFW\Controllers\Router.php]
[2018-12-08 09:57:15]
		[601] [Route favicon.ico has not been found in routes file!]
		Line 162 in file [D:\PHPStorm\TownOfSalem\src\ArchFW\Controllers\Router.php]
[2018-12-08 09:58:27]
		[601] [Route favicon.ico has not been found in routes file!]
		Line 162 in file [D:\PHPStorm\TownOfSalem\src\ArchFW\Controllers\Router.php]
[2018-12-08 09:58:28]
		[601] [Route favicon.ico has not been found in routes file!]
		Line 162 in file [D:\PHPStorm\TownOfSalem\src\ArchFW\Controllers\Router.php]
[2018-12-08 09:58:41]
		[601] [Route favicon.ico has not been found in routes file!]
		Line 162 in file [D:\PHPStorm\TownOfSalem\src\ArchFW\Controllers\Router.php]
[2018-12-08 10:00:19]
		[601] [Route favicon.ico has not been found in routes file!]
		Line 162 in file [D:\PHPStorm\TownOfSalem\src\ArchFW\Controllers\Router.php]
[2018-12-08 10:00:20]
		[601] [Route favicon.ico has not been found in routes file!]
		Line 162 in file [D:\PHPStorm\TownOfSalem\src\ArchFW\Controllers\Router.php]
[2018-12-08 10:00:20]
		[601] [Route favicon.ico has not been found in routes file!]
		Line 162 in file [D:\PHPStorm\TownOfSalem\src\ArchFW\Controllers\Router.php]
[2018-12-08 10:01:20]
		[601] [Route favicon.ico has not been found in routes file!]
		Line 162 in file [D:\PHPStorm\TownOfSalem\src\ArchFW\Controllers\Router.php]
[2018-12-08 10:01:21]
		[601] [Route favicon.ico has not been found in routes file!]
		Line 162 in file [D:\PHPStorm\TownOfSalem\src\ArchFW\Controllers\Router.php]
[2018-12-08 10:01:21]
		[601] [Route favicon.ico has not been found in routes file!]
		Line 162 in file [D:\PHPStorm\TownOfSalem\src\ArchFW\Controllers\Router.php]
[2018-12-08 10:01:21]
		[601] [Route favicon.ico has not been found in routes file!]
		Line 162 in file [D:\PHPStorm\TownOfSalem\src\ArchFW\Controllers\Router.php]
[2018-12-08 10:01:21]
		[601] [Route favicon.ico has not been found in routes file!]
		Line 162 in file [D:\PHPStorm\TownOfSalem\src\ArchFW\Controllers\Router.php]
[2018-12-08 10:02:22]
		[601] [Route favicon.ico has not been found in routes file!]
		Line 162 in file [D:\PHPStorm\TownOfSalem\src\ArchFW\Controllers\Router.php]
[2018-12-08 10:02:36]
		[601] [Route favicon.ico has not been found in routes file!]
		Line 162 in file [D:\PHPStorm\TownOfSalem\src\ArchFW\Controllers\Router.php]
[2018-12-08 10:02:52]
		[601] [Route favicon.ico has not been found in routes file!]
		Line 162 in file [D:\PHPStorm\TownOfSalem\src\ArchFW\Controllers\Router.php]
[2018-12-08 10:03:05]
		[601] [Route favicon.ico has not been found in routes file!]
		Line 162 in file [D:\PHPStorm\TownOfSalem\src\ArchFW\Controllers\Router.php]
[2018-12-08 10:03:56]
		[601] [Route favicon.ico has not been found in routes file!]
		Line 162 in file [D:\PHPStorm\TownOfSalem\src\ArchFW\Controllers\Router.php]
[2018-12-08 10:03:56]
		[601] [Route favicon.ico has not been found in routes file!]
		Line 162 in file [D:\PHPStorm\TownOfSalem\src\ArchFW\Controllers\Router.php]
[2018-12-08 10:08:49]
		[101] [Card with ID 2 in act 1 not found]
		Line 67 in file [D:\PHPStorm\TownOfSalem\src\Game\Controllers\Card.php]
[2018-12-08 10:08:49]
		[601] [Route card-not-found has not been found in routes file!]
		Line 162 in file [D:\PHPStorm\TownOfSalem\src\ArchFW\Controllers\Router.php]
[2018-12-08 10:08:49]
		[601] [Route favicon.ico has not been found in routes file!]
		Line 162 in file [D:\PHPStorm\TownOfSalem\src\ArchFW\Controllers\Router.php]
[2018-12-08 10:33:02]
		[101] [Card with ID 20 in act 1 not found]
		Line 67 in file [D:\PHPStorm\TownOfSalem\src\Game\Controllers\Card.php]
[2018-12-08 10:33:03]
		[601] [Route card-not-found has not been found in routes file!]
		Line 162 in file [D:\PHPStorm\TownOfSalem\src\ArchFW\Controllers\Router.php]
[2018-12-08 10:33:03]
		[601] [Route favicon.ico has not been found in routes file!]
		Line 162 in file [D:\PHPStorm\TownOfSalem\src\ArchFW\Controllers\Router.php]
[2018-12-08 11:08:21]
		[601] [Route img has not been found in routes file!]
		Line 162 in file [D:\PHPStorm\TownOfSalem\src\ArchFW\Controllers\Router.php]
[2018-12-08 11:10:31]
		[601] [Route img has not been found in routes file!]
		Line 162 in file [D:\PHPStorm\TownOfSalem\src\ArchFW\Controllers\Router.php]
[2018-12-08 11:11:10]
		[601] [Route img has not been found in routes file!]
		Line 162 in file [D:\PHPStorm\TownOfSalem\src\ArchFW\Controllers\Router.php]
[2018-12-08 11:12:07]
		[601] [Route favicon.ico has not been found in routes file!]
		Line 162 in file [D:\PHPStorm\TownOfSalem\src\ArchFW\Controllers\Router.php]
[2018-12-08 11:19:10]
		[101] [Someone tried to load profile with login [Tomson1].]
		Line 77 in file [D:\PHPStorm\TownOfSalem\src\Game\Controllers\Account.php]
[2018-12-08 11:19:15]
		[601] [Route about has not been found in routes file!]
		Line 162 in file [D:\PHPStorm\TownOfSalem\src\ArchFW\Controllers\Router.php]
[2018-12-08 11:19:15]
		[601] [Route favicon.ico has not been found in routes file!]
		Line 162 in file [D:\PHPStorm\TownOfSalem\src\ArchFW\Controllers\Router.php]
[2018-12-08 11:19:19]
		[601] [Route authors has not been found in routes file!]
		Line 162 in file [D:\PHPStorm\TownOfSalem\src\ArchFW\Controllers\Router.php]
[2018-12-08 11:19:19]
		[601] [Route favicon.ico has not been found in routes file!]
		Line 162 in file [D:\PHPStorm\TownOfSalem\src\ArchFW\Controllers\Router.php]
[2018-12-08 11:23:31]
		[601] [Route favicon.ico has not been found in routes file!]
		Line 162 in file [D:\PHPStorm\TownOfSalem\src\ArchFW\Controllers\Router.php]
[2018-12-08 11:23:32]
		[601] [Route favicon.ico has not been found in routes file!]
		Line 162 in file [D:\PHPStorm\TownOfSalem\src\ArchFW\Controllers\Router.php]
[2018-12-08 11:23:32]
		[601] [Route favicon.ico has not been found in routes file!]
		Line 162 in file [D:\PHPStorm\TownOfSalem\src\ArchFW\Controllers\Router.php]
[2018-12-08 11:24:07]
		[601] [Route favicon.ico has not been found in routes file!]
		Line 162 in file [D:\PHPStorm\TownOfSalem\src\ArchFW\Controllers\Router.php]
[2018-12-08 11:24:34]
		[601] [Route favicon.ico has not been found in routes file!]
		Line 162 in file [D:\PHPStorm\TownOfSalem\src\ArchFW\Controllers\Router.php]
[2018-12-08 11:24:34]
		[601] [Route favicon.ico has not been found in routes file!]
		Line 162 in file [D:\PHPStorm\TownOfSalem\src\ArchFW\Controllers\Router.php]
[2018-12-08 11:24:34]
		[601] [Route favicon.ico has not been found in routes file!]
		Line 162 in file [D:\PHPStorm\TownOfSalem\src\ArchFW\Controllers\Router.php]
[2018-12-08 11:24:34]
		[601] [Route favicon.ico has not been found in routes file!]
		Line 162 in file [D:\PHPStorm\TownOfSalem\src\ArchFW\Controllers\Router.php]
[2018-12-08 11:24:35]
		[601] [Route favicon.ico has not been found in routes file!]
		Line 162 in file [D:\PHPStorm\TownOfSalem\src\ArchFW\Controllers\Router.php]
[2018-12-08 11:24:35]
		[601] [Route favicon.ico has not been found in routes file!]
		Line 162 in file [D:\PHPStorm\TownOfSalem\src\ArchFW\Controllers\Router.php]
[2018-12-08 11:24:35]
		[601] [Route favicon.ico has not been found in routes file!]
		Line 162 in file [D:\PHPStorm\TownOfSalem\src\ArchFW\Controllers\Router.php]
[2018-12-08 11:24:35]
		[601] [Route favicon.ico has not been found in routes file!]
		Line 162 in file [D:\PHPStorm\TownOfSalem\src\ArchFW\Controllers\Router.php]
[2018-12-08 11:42:06]
		[101] [Someone tried to load profile with login [1].]
		Line 77 in file [D:\PHPStorm\TownOfSalem\src\Game\Controllers\Account.php]
[2018-12-08 11:47:36]
		[101] [Card with ID 2 in act 1 not found]
		Line 67 in file [D:\PHPStorm\TownOfSalem\src\Game\Controllers\Card.php]
[2018-12-08 11:47:36]
		[601] [Route card-not-found has not been found in routes file!]
		Line 162 in file [D:\PHPStorm\TownOfSalem\src\ArchFW\Controllers\Router.php]
[2018-12-08 11:47:36]
		[601] [Route favicon.ico has not been found in routes file!]
		Line 162 in file [D:\PHPStorm\TownOfSalem\src\ArchFW\Controllers\Router.php]
[2018-12-08 11:50:29]
		[601] [Route favicon.ico has not been found in routes file!]
		Line 162 in file [D:\PHPStorm\TownOfSalem\src\ArchFW\Controllers\Router.php]
[2018-12-08 11:55:10]
		[601] [Route favicon.ico has not been found in routes file!]
		Line 162 in file [D:\PHPStorm\TownOfSalem\src\ArchFW\Controllers\Router.php]
[2018-12-08 12:20:48]
		[601] [Route favicon.ico has not been found in routes file!]
		Line 162 in file [D:\PHPStorm\TownOfSalem\src\ArchFW\Controllers\Router.php]
[2018-12-08 12:20:59]
		[601] [Route favicon.ico has not been found in routes file!]
		Line 162 in file [D:\PHPStorm\TownOfSalem\src\ArchFW\Controllers\Router.php]
[2018-12-08 12:21:00]
		[601] [Route favicon.ico has not been found in routes file!]
		Line 162 in file [D:\PHPStorm\TownOfSalem\src\ArchFW\Controllers\Router.php]
[2018-12-08 12:21:00]
		[601] [Route favicon.ico has not been found in routes file!]
		Line 162 in file [D:\PHPStorm\TownOfSalem\src\ArchFW\Controllers\Router.php]
[2018-12-08 12:21:09]
		[601] [Route favicon.ico has not been found in routes file!]
		Line 162 in file [D:\PHPStorm\TownOfSalem\src\ArchFW\Controllers\Router.php]
[2018-12-08 12:21:13]
		[601] [Route uploader-choose has not been found in routes file!]
		Line 162 in file [D:\PHPStorm\TownOfSalem\src\ArchFW\Controllers\Router.php]
[2018-12-08 12:21:13]
		[601] [Route favicon.ico has not been found in routes file!]
		Line 162 in file [D:\PHPStorm\TownOfSalem\src\ArchFW\Controllers\Router.php]
[2018-12-08 12:38:53]
		[601] [Route favicon.ico has not been found in routes file!]
		Line 162 in file [D:\PHPStorm\TownOfSalem\src\ArchFW\Controllers\Router.php]
[2018-12-08 12:49:41]
		[601] [Route favicon.ico has not been found in routes file!]
		Line 162 in file [D:\PHPStorm\TownOfSalem\src\ArchFW\Controllers\Router.php]
[2018-12-08 12:57:36]
		[601] [Route favicon.ico has not been found in routes file!]
		Line 162 in file [D:\PHPStorm\TownOfSalem\src\ArchFW\Controllers\Router.php]
[2018-12-08 12:57:37]
		[601] [Route favicon.ico has not been found in routes file!]
		Line 162 in file [D:\PHPStorm\TownOfSalem\src\ArchFW\Controllers\Router.php]
[2018-12-08 12:57:37]
		[601] [Route favicon.ico has not been found in routes file!]
		Line 162 in file [D:\PHPStorm\TownOfSalem\src\ArchFW\Controllers\Router.php]
[2018-12-08 13:14:42]
		[601] [Route favicon.ico has not been found in routes file!]
		Line 162 in file [D:\PHPStorm\TownOfSalem\src\ArchFW\Controllers\Router.php]
[2018-12-08 13:18:25]
		[601] [Route favicon.ico has not been found in routes file!]
		Line 162 in file [D:\PHPStorm\TownOfSalem\src\ArchFW\Controllers\Router.php]
[2018-12-08 13:39:40]
		[601] [Route favicon.ico has not been found in routes file!]
		Line 162 in file [D:\PHPStorm\TownOfSalem\src\ArchFW\Controllers\Router.php]
[2018-12-08 13:40:34]
		[601] [Route favicon.ico has not been found in routes file!]
		Line 162 in file [D:\PHPStorm\TownOfSalem\src\ArchFW\Controllers\Router.php]
[2018-12-08 13:46:53]
		[601] [Route favicon.ico has not been found in routes file!]
		Line 162 in file [D:\PHPStorm\TownOfSalem\src\ArchFW\Controllers\Router.php]
[2018-12-08 13:47:01]
		[601] [Route favicon.ico has not been found in routes file!]
		Line 162 in file [D:\PHPStorm\TownOfSalem\src\ArchFW\Controllers\Router.php]
[2018-12-08 13:47:21]
		[601] [Route favicon.ico has not been found in routes file!]
		Line 162 in file [D:\PHPStorm\TownOfSalem\src\ArchFW\Controllers\Router.php]
[2018-12-08 13:48:52]
		[601] [Route favicon.ico has not been found in routes file!]
		Line 162 in file [D:\PHPStorm\TownOfSalem\src\ArchFW\Controllers\Router.php]
[2018-12-08 13:51:51]
		[601] [Route favicon.ico has not been found in routes file!]
		Line 162 in file [D:\PHPStorm\TownOfSalem\src\ArchFW\Controllers\Router.php]
[2018-12-08 13:52:00]
		[601] [Route favicon.ico has not been found in routes file!]
		Line 162 in file [D:\PHPStorm\TownOfSalem\src\ArchFW\Controllers\Router.php]
[2018-12-08 13:52:14]
		[601] [Route favicon.ico has not been found in routes file!]
		Line 162 in file [D:\PHPStorm\TownOfSalem\src\ArchFW\Controllers\Router.php]
[2018-12-08 13:53:08]
		[601] [Route favicon.ico has not been found in routes file!]
		Line 162 in file [D:\PHPStorm\TownOfSalem\src\ArchFW\Controllers\Router.php]
[2018-12-08 13:53:19]
		[601] [Route favicon.ico has not been found in routes file!]
		Line 162 in file [D:\PHPStorm\TownOfSalem\src\ArchFW\Controllers\Router.php]
[2018-12-08 13:53:36]
		[601] [Route register has not been found in routes file!]
		Line 162 in file [D:\PHPStorm\TownOfSalem\src\ArchFW\Controllers\Router.php]
[2018-12-08 13:53:49]
		[601] [Route about has not been found in routes file!]
		Line 162 in file [D:\PHPStorm\TownOfSalem\src\ArchFW\Controllers\Router.php]
[2018-12-08 13:53:52]
		[601] [Route authors has not been found in routes file!]
		Line 162 in file [D:\PHPStorm\TownOfSalem\src\ArchFW\Controllers\Router.php]
[2018-12-08 13:55:41]
		[601] [Route favicon.ico has not been found in routes file!]
		Line 162 in file [D:\PHPStorm\TownOfSalem\src\ArchFW\Controllers\Router.php]
[2018-12-08 13:57:54]
		[601] [Route favicon.ico has not been found in routes file!]
		Line 162 in file [D:\PHPStorm\TownOfSalem\src\ArchFW\Controllers\Router.php]
[2018-12-08 13:59:30]
		[601] [Route favicon.ico has not been found in routes file!]
		Line 162 in file [D:\PHPStorm\TownOfSalem\src\ArchFW\Controllers\Router.php]
[2018-12-08 14:00:30]
		[601] [Route favicon.ico has not been found in routes file!]
		Line 162 in file [D:\PHPStorm\TownOfSalem\src\ArchFW\Controllers\Router.php]
[2018-12-08 14:20:28]
		[601] [Route favicon.ico has not been found in routes file!]
		Line 162 in file [D:\PHPStorm\TownOfSalem\src\ArchFW\Controllers\Router.php]
[2018-12-08 15:59:04]
		[101] [Card with ID 1 in act 1 not found]
		Line 67 in file [D:\PHPStorm\TownOfSalem\src\Game\Controllers\Card.php]
[2018-12-08 15:59:05]
		[601] [Route card-not-found has not been found in routes file!]
		Line 162 in file [D:\PHPStorm\TownOfSalem\src\ArchFW\Controllers\Router.php]
[2018-12-08 15:59:05]
		[601] [Route favicon.ico has not been found in routes file!]
		Line 162 in file [D:\PHPStorm\TownOfSalem\src\ArchFW\Controllers\Router.php]
[2018-12-08 16:44:39]
		[601] [Route about has not been found in routes file!]
		Line 162 in file [D:\PHPStorm\TownOfSalem\src\ArchFW\Controllers\Router.php]
[2018-12-08 16:44:39]
		[601] [Route favicon.ico has not been found in routes file!]
		Line 162 in file [D:\PHPStorm\TownOfSalem\src\ArchFW\Controllers\Router.php]
[2018-12-08 16:44:43]
		[101] [Card with ID 1 in act 1 not found]
		Line 67 in file [D:\PHPStorm\TownOfSalem\src\Game\Controllers\Card.php]
[2018-12-08 16:44:43]
		[601] [Route card-not-found has not been found in routes file!]
		Line 162 in file [D:\PHPStorm\TownOfSalem\src\ArchFW\Controllers\Router.php]
[2018-12-08 16:44:44]
		[601] [Route favicon.ico has not been found in routes file!]
		Line 162 in file [D:\PHPStorm\TownOfSalem\src\ArchFW\Controllers\Router.php]
[2018-12-08 16:59:30]
		[601] [Route register has not been found in routes file!]
		Line 162 in file [D:\PHPStorm\TownOfSalem\src\ArchFW\Controllers\Router.php]
[2018-12-08 16:59:31]
		[601] [Route favicon.ico has not been found in routes file!]
		Line 162 in file [D:\PHPStorm\TownOfSalem\src\ArchFW\Controllers\Router.php]
[2018-12-08 17:00:02]
		[101] [Card with ID 1 in act 1 not found]
		Line 67 in file [D:\PHPStorm\TownOfSalem\src\Game\Controllers\Card.php]
[2018-12-08 17:00:03]
		[601] [Route card-not-found has not been found in routes file!]
		Line 162 in file [D:\PHPStorm\TownOfSalem\src\ArchFW\Controllers\Router.php]
[2018-12-08 17:00:03]
		[601] [Route favicon.ico has not been found in routes file!]
		Line 162 in file [D:\PHPStorm\TownOfSalem\src\ArchFW\Controllers\Router.php]
[2018-12-08 17:00:53]
		[101] [Card with ID 100 in act 1 not found]
		Line 67 in file [D:\PHPStorm\TownOfSalem\src\Game\Controllers\Card.php]
[2018-12-08 17:00:53]
		[601] [Route card-not-found has not been found in routes file!]
		Line 162 in file [D:\PHPStorm\TownOfSalem\src\ArchFW\Controllers\Router.php]
[2018-12-08 17:00:53]
		[601] [Route favicon.ico has not been found in routes file!]
		Line 162 in file [D:\PHPStorm\TownOfSalem\src\ArchFW\Controllers\Router.php]
[2018-12-08 17:00:55]
		[601] [Route card-not-found has not been found in routes file!]
		Line 162 in file [D:\PHPStorm\TownOfSalem\src\ArchFW\Controllers\Router.php]
[2018-12-08 17:00:55]
		[601] [Route favicon.ico has not been found in routes file!]
		Line 162 in file [D:\PHPStorm\TownOfSalem\src\ArchFW\Controllers\Router.php]
[2018-12-08 17:00:56]
		[601] [Route card-not-found has not been found in routes file!]
		Line 162 in file [D:\PHPStorm\TownOfSalem\src\ArchFW\Controllers\Router.php]
[2018-12-08 17:00:56]
		[601] [Route favicon.ico has not been found in routes file!]
		Line 162 in file [D:\PHPStorm\TownOfSalem\src\ArchFW\Controllers\Router.php]
[2018-12-08 17:00:59]
		[101] [Card with ID 100 in act 1 not found]
		Line 67 in file [D:\PHPStorm\TownOfSalem\src\Game\Controllers\Card.php]
[2018-12-08 17:00:59]
		[601] [Route card-not-found has not been found in routes file!]
		Line 162 in file [D:\PHPStorm\TownOfSalem\src\ArchFW\Controllers\Router.php]
[2018-12-08 17:00:59]
		[601] [Route favicon.ico has not been found in routes file!]
		Line 162 in file [D:\PHPStorm\TownOfSalem\src\ArchFW\Controllers\Router.php]
[2018-12-08 17:01:02]
		[101] [Card with ID 100 in act 1 not found]
		Line 67 in file [D:\PHPStorm\TownOfSalem\src\Game\Controllers\Card.php]
[2018-12-08 17:01:02]
		[601] [Route card-not-found has not been found in routes file!]
		Line 162 in file [D:\PHPStorm\TownOfSalem\src\ArchFW\Controllers\Router.php]
[2018-12-08 17:01:02]
		[601] [Route favicon.ico has not been found in routes file!]
		Line 162 in file [D:\PHPStorm\TownOfSalem\src\ArchFW\Controllers\Router.php]
[2018-12-08 17:01:17]
		[101] [Card with ID 100 in act 1 not found]
		Line 67 in file [D:\PHPStorm\TownOfSalem\src\Game\Controllers\Card.php]
[2018-12-08 17:01:18]
		[601] [Route card-not-found has not been found in routes file!]
		Line 162 in file [D:\PHPStorm\TownOfSalem\src\ArchFW\Controllers\Router.php]
[2018-12-08 17:01:18]
		[601] [Route favicon.ico has not been found in routes file!]
		Line 162 in file [D:\PHPStorm\TownOfSalem\src\ArchFW\Controllers\Router.php]
[2018-12-08 17:01:25]
		[101] [Card with ID 100 in act 1 not found]
		Line 67 in file [D:\PHPStorm\TownOfSalem\src\Game\Controllers\Card.php]
[2018-12-08 17:01:25]
		[601] [Route card-not-found has not been found in routes file!]
		Line 162 in file [D:\PHPStorm\TownOfSalem\src\ArchFW\Controllers\Router.php]
[2018-12-08 17:01:25]
		[601] [Route favicon.ico has not been found in routes file!]
		Line 162 in file [D:\PHPStorm\TownOfSalem\src\ArchFW\Controllers\Router.php]
[2018-12-08 17:06:45]
		[101] [Card with ID 100 in act 1 not found]
		Line 67 in file [D:\PHPStorm\TownOfSalem\src\Game\Controllers\Card.php]
[2018-12-08 17:06:45]
		[601] [Route card-not-found has not been found in routes file!]
		Line 162 in file [D:\PHPStorm\TownOfSalem\src\ArchFW\Controllers\Router.php]
[2018-12-08 17:06:45]
		[601] [Route favicon.ico has not been found in routes file!]
		Line 162 in file [D:\PHPStorm\TownOfSalem\src\ArchFW\Controllers\Router.php]
[2018-12-08 17:06:50]
		[101] [Card with ID 100 in act 1 not found]
		Line 67 in file [D:\PHPStorm\TownOfSalem\src\Game\Controllers\Card.php]
[2018-12-08 17:06:50]
		[601] [Route card-not-found has not been found in routes file!]
		Line 162 in file [D:\PHPStorm\TownOfSalem\src\ArchFW\Controllers\Router.php]
[2018-12-08 17:06:50]
		[601] [Route favicon.ico has not been found in routes file!]
		Line 162 in file [D:\PHPStorm\TownOfSalem\src\ArchFW\Controllers\Router.php]
[2018-12-08 17:06:52]
		[101] [Card with ID 100 in act 1 not found]
		Line 67 in file [D:\PHPStorm\TownOfSalem\src\Game\Controllers\Card.php]
[2018-12-08 17:06:52]
		[601] [Route card-not-found has not been found in routes file!]
		Line 162 in file [D:\PHPStorm\TownOfSalem\src\ArchFW\Controllers\Router.php]
[2018-12-08 17:06:52]
		[601] [Route favicon.ico has not been found in routes file!]
		Line 162 in file [D:\PHPStorm\TownOfSalem\src\ArchFW\Controllers\Router.php]
[2018-12-08 17:06:52]
		[601] [Route card-not-found has not been found in routes file!]
		Line 162 in file [D:\PHPStorm\TownOfSalem\src\ArchFW\Controllers\Router.php]
[2018-12-08 17:06:52]
		[601] [Route favicon.ico has not been found in routes file!]
		Line 162 in file [D:\PHPStorm\TownOfSalem\src\ArchFW\Controllers\Router.php]
[2018-12-08 17:06:53]
		[601] [Route card-not-found has not been found in routes file!]
		Line 162 in file [D:\PHPStorm\TownOfSalem\src\ArchFW\Controllers\Router.php]
[2018-12-08 17:06:53]
		[601] [Route favicon.ico has not been found in routes file!]
		Line 162 in file [D:\PHPStorm\TownOfSalem\src\ArchFW\Controllers\Router.php]
[2018-12-08 17:06:53]
		[601] [Route card-not-found has not been found in routes file!]
		Line 162 in file [D:\PHPStorm\TownOfSalem\src\ArchFW\Controllers\Router.php]
[2018-12-08 17:06:53]
		[601] [Route favicon.ico has not been found in routes file!]
		Line 162 in file [D:\PHPStorm\TownOfSalem\src\ArchFW\Controllers\Router.php]
[2018-12-08 17:06:53]
		[601] [Route card-not-found has not been found in routes file!]
		Line 162 in file [D:\PHPStorm\TownOfSalem\src\ArchFW\Controllers\Router.php]
[2018-12-08 17:06:53]
		[601] [Route favicon.ico has not been found in routes file!]
		Line 162 in file [D:\PHPStorm\TownOfSalem\src\ArchFW\Controllers\Router.php]
[2018-12-08 17:06:53]
		[601] [Route card-not-found has not been found in routes file!]
		Line 162 in file [D:\PHPStorm\TownOfSalem\src\ArchFW\Controllers\Router.php]
[2018-12-08 17:06:53]
		[601] [Route favicon.ico has not been found in routes file!]
		Line 162 in file [D:\PHPStorm\TownOfSalem\src\ArchFW\Controllers\Router.php]
[2018-12-08 17:06:53]
		[601] [Route card-not-found has not been found in routes file!]
		Line 162 in file [D:\PHPStorm\TownOfSalem\src\ArchFW\Controllers\Router.php]
[2018-12-08 17:06:53]
		[601] [Route favicon.ico has not been found in routes file!]
		Line 162 in file [D:\PHPStorm\TownOfSalem\src\ArchFW\Controllers\Router.php]
[2018-12-08 17:06:53]
		[601] [Route card-not-found has not been found in routes file!]
		Line 162 in file [D:\PHPStorm\TownOfSalem\src\ArchFW\Controllers\Router.php]
[2018-12-08 17:06:54]
		[601] [Route favicon.ico has not been found in routes file!]
		Line 162 in file [D:\PHPStorm\TownOfSalem\src\ArchFW\Controllers\Router.php]
[2018-12-08 17:06:54]
		[601] [Route card-not-found has not been found in routes file!]
		Line 162 in file [D:\PHPStorm\TownOfSalem\src\ArchFW\Controllers\Router.php]
[2018-12-08 17:06:54]
		[601] [Route favicon.ico has not been found in routes file!]
		Line 162 in file [D:\PHPStorm\TownOfSalem\src\ArchFW\Controllers\Router.php]
[2018-12-08 17:06:54]
		[601] [Route card-not-found has not been found in routes file!]
		Line 162 in file [D:\PHPStorm\TownOfSalem\src\ArchFW\Controllers\Router.php]
[2018-12-08 17:06:54]
		[601] [Route favicon.ico has not been found in routes file!]
		Line 162 in file [D:\PHPStorm\TownOfSalem\src\ArchFW\Controllers\Router.php]
[2018-12-08 17:06:54]
		[101] [Card with ID 100 in act 1 not found]
		Line 67 in file [D:\PHPStorm\TownOfSalem\src\Game\Controllers\Card.php]
[2018-12-08 17:06:55]
		[601] [Route card-not-found has not been found in routes file!]
		Line 162 in file [D:\PHPStorm\TownOfSalem\src\ArchFW\Controllers\Router.php]
[2018-12-08 17:06:55]
		[601] [Route favicon.ico has not been found in routes file!]
		Line 162 in file [D:\PHPStorm\TownOfSalem\src\ArchFW\Controllers\Router.php]
[2018-12-08 17:06:56]
		[101] [Card with ID 100 in act 1 not found]
		Line 67 in file [D:\PHPStorm\TownOfSalem\src\Game\Controllers\Card.php]
[2018-12-08 17:06:56]
		[601] [Route card-not-found has not been found in routes file!]
		Line 162 in file [D:\PHPStorm\TownOfSalem\src\ArchFW\Controllers\Router.php]
[2018-12-08 17:06:57]
		[601] [Route favicon.ico has not been found in routes file!]
		Line 162 in file [D:\PHPStorm\TownOfSalem\src\ArchFW\Controllers\Router.php]
[2018-12-08 17:06:59]
		[101] [Card with ID 100 in act 1 not found]
		Line 67 in file [D:\PHPStorm\TownOfSalem\src\Game\Controllers\Card.php]
[2018-12-08 17:06:59]
		[601] [Route card-not-found has not been found in routes file!]
		Line 162 in file [D:\PHPStorm\TownOfSalem\src\ArchFW\Controllers\Router.php]
[2018-12-08 17:06:59]
		[601] [Route favicon.ico has not been found in routes file!]
		Line 162 in file [D:\PHPStorm\TownOfSalem\src\ArchFW\Controllers\Router.php]
[2018-12-08 17:07:01]
		[101] [Card with ID 100 in act 1 not found]
		Line 67 in file [D:\PHPStorm\TownOfSalem\src\Game\Controllers\Card.php]
[2018-12-08 17:07:01]
		[601] [Route card-not-found has not been found in routes file!]
		Line 162 in file [D:\PHPStorm\TownOfSalem\src\ArchFW\Controllers\Router.php]
[2018-12-08 17:07:01]
		[601] [Route favicon.ico has not been found in routes file!]
		Line 162 in file [D:\PHPStorm\TownOfSalem\src\ArchFW\Controllers\Router.php]
[2018-12-08 17:07:07]
		[101] [Card with ID 100 in act 1 not found]
		Line 67 in file [D:\PHPStorm\TownOfSalem\src\Game\Controllers\Card.php]
[2018-12-08 17:07:07]
		[601] [Route card-not-found has not been found in routes file!]
		Line 162 in file [D:\PHPStorm\TownOfSalem\src\ArchFW\Controllers\Router.php]
[2018-12-08 17:07:07]
		[601] [Route favicon.ico has not been found in routes file!]
		Line 162 in file [D:\PHPStorm\TownOfSalem\src\ArchFW\Controllers\Router.php]
[2018-12-08 17:07:15]
		[101] [Card with ID 101 in act 1 not found]
		Line 67 in file [D:\PHPStorm\TownOfSalem\src\Game\Controllers\Card.php]
[2018-12-08 17:07:15]
		[601] [Route card-not-found has not been found in routes file!]
		Line 162 in file [D:\PHPStorm\TownOfSalem\src\ArchFW\Controllers\Router.php]
[2018-12-08 17:07:15]
		[601] [Route favicon.ico has not been found in routes file!]
		Line 162 in file [D:\PHPStorm\TownOfSalem\src\ArchFW\Controllers\Router.php]
[2018-12-08 17:10:42]
		[601] [Route card-not-found has not been found in routes file!]
		Line 162 in file [D:\PHPStorm\TownOfSalem\src\ArchFW\Controllers\Router.php]
[2018-12-08 17:10:42]
		[601] [Route favicon.ico has not been found in routes file!]
		Line 162 in file [D:\PHPStorm\TownOfSalem\src\ArchFW\Controllers\Router.php]
[2018-12-08 17:10:55]
		[601] [Route about has not been found in routes file!]
		Line 162 in file [D:\PHPStorm\TownOfSalem\src\ArchFW\Controllers\Router.php]
[2018-12-08 17:10:55]
		[601] [Route favicon.ico has not been found in routes file!]
		Line 162 in file [D:\PHPStorm\TownOfSalem\src\ArchFW\Controllers\Router.php]
[2018-12-08 17:12:11]
		[601] [Route phpmadmyadmin has not been found in routes file!]
		Line 162 in file [D:\PHPStorm\TownOfSalem\src\ArchFW\Controllers\Router.php]
[2018-12-08 17:12:12]
		[601] [Route favicon.ico has not been found in routes file!]
		Line 162 in file [D:\PHPStorm\TownOfSalem\src\ArchFW\Controllers\Router.php]
[2018-12-08 17:12:20]
		[601] [Route favicon.ico has not been found in routes file!]
		Line 162 in file [D:\PHPStorm\TownOfSalem\src\ArchFW\Controllers\Router.php]
[2018-12-08 17:24:58]
		[101] [Card with ID 106 in act 1 not found]
		Line 67 in file [D:\PHPStorm\TownOfSalem\src\Game\Controllers\Card.php]
[2018-12-08 17:24:58]
		[601] [Route card-not-found has not been found in routes file!]
		Line 162 in file [D:\PHPStorm\TownOfSalem\src\ArchFW\Controllers\Router.php]
[2018-12-08 17:24:58]
		[601] [Route favicon.ico has not been found in routes file!]
		Line 162 in file [D:\PHPStorm\TownOfSalem\src\ArchFW\Controllers\Router.php]
[2018-12-08 17:27:09]
		[601] [Route favicon.ico has not been found in routes file!]
		Line 162 in file [D:\PHPStorm\TownOfSalem\src\ArchFW\Controllers\Router.php]
[2018-12-08 17:27:12]
		[601] [Route favicon.ico has not been found in routes file!]
		Line 162 in file [D:\PHPStorm\TownOfSalem\src\ArchFW\Controllers\Router.php]